{"meta": {"format": 3, "version": "7.10.6", "timestamp": "2025-09-06T23:49:34.815564", "branch_coverage": false, "show_contexts": false}, "files": {"src/__init__.py": {"executed_lines": [1, 8, 9, 10, 13, 15], "summary": {"covered_lines": 5, "num_statements": 5, "percent_covered": 100.0, "percent_covered_display": "100", "missing_lines": 0, "excluded_lines": 0}, "missing_lines": [], "excluded_lines": [], "functions": {"": {"executed_lines": [1, 8, 9, 10, 13, 15], "summary": {"covered_lines": 5, "num_statements": 5, "percent_covered": 100.0, "percent_covered_display": "100", "missing_lines": 0, "excluded_lines": 0}, "missing_lines": [], "excluded_lines": []}}, "classes": {"": {"executed_lines": [1, 8, 9, 10, 13, 15], "summary": {"covered_lines": 5, "num_statements": 5, "percent_covered": 100.0, "percent_covered_display": "100", "missing_lines": 0, "excluded_lines": 0}, "missing_lines": [], "excluded_lines": []}}}, "src/__version__.py": {"executed_lines": [], "summary": {"covered_lines": 0, "num_statements": 1, "percent_covered": 0.0, "percent_covered_display": "0", "missing_lines": 1, "excluded_lines": 0}, "missing_lines": [3], "excluded_lines": [], "functions": {"": {"executed_lines": [], "summary": {"covered_lines": 0, "num_statements": 1, "percent_covered": 0.0, "percent_covered_display": "0", "missing_lines": 1, "excluded_lines": 0}, "missing_lines": [3], "excluded_lines": []}}, "classes": {"": {"executed_lines": [], "summary": {"covered_lines": 0, "num_statements": 1, "percent_covered": 0.0, "percent_covered_display": "0", "missing_lines": 1, "excluded_lines": 0}, "missing_lines": [3], "excluded_lines": []}}}, "src/core/__init__.py": {"executed_lines": [1, 11, 12, 13, 16, 17, 19, 21, 22, 23, 24, 26, 28, 29, 31, 32, 33, 34, 36, 38, 40, 42, 44, 46, 48, 51, 52, 54, 57, 58, 60, 61, 63, 64, 66, 67, 68, 71, 72, 74, 77, 78, 80, 83, 84, 86, 89, 90, 92, 96, 99, 101], "summary": {"covered_lines": 46, "num_statements": 46, "percent_covered": 100.0, "percent_covered_display": "100", "missing_lines": 0, "excluded_lines": 0}, "missing_lines": [], "excluded_lines": [], "functions": {"Config.__init__": {"executed_lines": [21, 22, 23, 24], "summary": {"covered_lines": 4, "num_statements": 4, "percent_covered": 100.0, "percent_covered_display": "100", "missing_lines": 0, "excluded_lines": 0}, "missing_lines": [], "excluded_lines": []}, "Config._load_config": {"executed_lines": [28, 29, 31, 32, 33, 34, 36], "summary": {"covered_lines": 7, "num_statements": 7, "percent_covered": 100.0, "percent_covered_display": "100", "missing_lines": 0, "excluded_lines": 0}, "missing_lines": [], "excluded_lines": []}, "Config.get": {"executed_lines": [40], "summary": {"covered_lines": 1, "num_statements": 1, "percent_covered": 100.0, "percent_covered_display": "100", "missing_lines": 0, "excluded_lines": 0}, "missing_lines": [], "excluded_lines": []}, "Config.set": {"executed_lines": [44], "summary": {"covered_lines": 1, "num_statements": 1, "percent_covered": 100.0, "percent_covered_display": "100", "missing_lines": 0, "excluded_lines": 0}, "missing_lines": [], "excluded_lines": []}, "Config.save": {"executed_lines": [48, 51, 52, 54], "summary": {"covered_lines": 4, "num_statements": 4, "percent_covered": 100.0, "percent_covered_display": "100", "missing_lines": 0, "excluded_lines": 0}, "missing_lines": [], "excluded_lines": []}, "Logger.setup_logger": {"executed_lines": [63, 64, 66, 67, 68, 71, 72, 74], "summary": {"covered_lines": 8, "num_statements": 8, "percent_covered": 100.0, "percent_covered_display": "100", "missing_lines": 0, "excluded_lines": 0}, "missing_lines": [], "excluded_lines": []}, "": {"executed_lines": [1, 11, 12, 13, 16, 17, 19, 26, 38, 42, 46, 57, 58, 60, 61, 77, 78, 80, 83, 84, 86, 89, 90, 92, 96, 99, 101], "summary": {"covered_lines": 21, "num_statements": 21, "percent_covered": 100.0, "percent_covered_display": "100", "missing_lines": 0, "excluded_lines": 0}, "missing_lines": [], "excluded_lines": []}}, "classes": {"Config": {"executed_lines": [21, 22, 23, 24, 28, 29, 31, 32, 33, 34, 36, 40, 44, 48, 51, 52, 54], "summary": {"covered_lines": 17, "num_statements": 17, "percent_covered": 100.0, "percent_covered_display": "100", "missing_lines": 0, "excluded_lines": 0}, "missing_lines": [], "excluded_lines": []}, "Logger": {"executed_lines": [63, 64, 66, 67, 68, 71, 72, 74], "summary": {"covered_lines": 8, "num_statements": 8, "percent_covered": 100.0, "percent_covered_display": "100", "missing_lines": 0, "excluded_lines": 0}, "missing_lines": [], "excluded_lines": []}, "AICultureKitError": {"executed_lines": [], "summary": {"covered_lines": 0, "num_statements": 0, "percent_covered": 100.0, "percent_covered_display": "100", "missing_lines": 0, "excluded_lines": 0}, "missing_lines": [], "excluded_lines": []}, "ConfigError": {"executed_lines": [], "summary": {"covered_lines": 0, "num_statements": 0, "percent_covered": 100.0, "percent_covered_display": "100", "missing_lines": 0, "excluded_lines": 0}, "missing_lines": [], "excluded_lines": []}, "DataError": {"executed_lines": [], "summary": {"covered_lines": 0, "num_statements": 0, "percent_covered": 100.0, "percent_covered_display": "100", "missing_lines": 0, "excluded_lines": 0}, "missing_lines": [], "excluded_lines": []}, "": {"executed_lines": [1, 11, 12, 13, 16, 17, 19, 26, 38, 42, 46, 57, 58, 60, 61, 77, 78, 80, 83, 84, 86, 89, 90, 92, 96, 99, 101], "summary": {"covered_lines": 21, "num_statements": 21, "percent_covered": 100.0, "percent_covered_display": "100", "missing_lines": 0, "excluded_lines": 0}, "missing_lines": [], "excluded_lines": []}}}, "src/models/__init__.py": {"executed_lines": [1, 11, 12, 13, 14, 17, 18, 20, 21, 22, 23, 24, 27, 28, 30, 31, 32, 33, 36, 37, 38, 40, 41, 42, 43, 44, 45, 47, 49, 59, 60, 61, 63, 64, 65, 66, 67, 68, 69, 70, 71, 73, 75, 88, 89, 90, 92, 93, 94, 95, 96, 97, 98, 100, 102, 113, 114, 115, 117, 118, 119, 120, 121, 123, 125, 134], "summary": {"covered_lines": 59, "num_statements": 59, "percent_covered": 100.0, "percent_covered_display": "100", "missing_lines": 0, "excluded_lines": 0}, "missing_lines": [], "excluded_lines": [], "functions": {"User.to_dict": {"executed_lines": [49], "summary": {"covered_lines": 1, "num_statements": 1, "percent_covered": 100.0, "percent_covered_display": "100", "missing_lines": 0, "excluded_lines": 0}, "missing_lines": [], "excluded_lines": []}, "Content.to_dict": {"executed_lines": [75], "summary": {"covered_lines": 1, "num_statements": 1, "percent_covered": 100.0, "percent_covered_display": "100", "missing_lines": 0, "excluded_lines": 0}, "missing_lines": [], "excluded_lines": []}, "AnalysisResult.to_dict": {"executed_lines": [102], "summary": {"covered_lines": 1, "num_statements": 1, "percent_covered": 100.0, "percent_covered_display": "100", "missing_lines": 0, "excluded_lines": 0}, "missing_lines": [], "excluded_lines": []}, "UserProfile.to_dict": {"executed_lines": [125], "summary": {"covered_lines": 1, "num_statements": 1, "percent_covered": 100.0, "percent_covered_display": "100", "missing_lines": 0, "excluded_lines": 0}, "missing_lines": [], "excluded_lines": []}, "": {"executed_lines": [1, 11, 12, 13, 14, 17, 18, 20, 21, 22, 23, 24, 27, 28, 30, 31, 32, 33, 36, 37, 38, 40, 41, 42, 43, 44, 45, 47, 59, 60, 61, 63, 64, 65, 66, 67, 68, 69, 70, 71, 73, 88, 89, 90, 92, 93, 94, 95, 96, 97, 98, 100, 113, 114, 115, 117, 118, 119, 120, 121, 123, 134], "summary": {"covered_lines": 55, "num_statements": 55, "percent_covered": 100.0, "percent_covered_display": "100", "missing_lines": 0, "excluded_lines": 0}, "missing_lines": [], "excluded_lines": []}}, "classes": {"ContentType": {"executed_lines": [], "summary": {"covered_lines": 0, "num_statements": 0, "percent_covered": 100.0, "percent_covered_display": "100", "missing_lines": 0, "excluded_lines": 0}, "missing_lines": [], "excluded_lines": []}, "UserRole": {"executed_lines": [], "summary": {"covered_lines": 0, "num_statements": 0, "percent_covered": 100.0, "percent_covered_display": "100", "missing_lines": 0, "excluded_lines": 0}, "missing_lines": [], "excluded_lines": []}, "User": {"executed_lines": [49], "summary": {"covered_lines": 1, "num_statements": 1, "percent_covered": 100.0, "percent_covered_display": "100", "missing_lines": 0, "excluded_lines": 0}, "missing_lines": [], "excluded_lines": []}, "Content": {"executed_lines": [75], "summary": {"covered_lines": 1, "num_statements": 1, "percent_covered": 100.0, "percent_covered_display": "100", "missing_lines": 0, "excluded_lines": 0}, "missing_lines": [], "excluded_lines": []}, "AnalysisResult": {"executed_lines": [102], "summary": {"covered_lines": 1, "num_statements": 1, "percent_covered": 100.0, "percent_covered_display": "100", "missing_lines": 0, "excluded_lines": 0}, "missing_lines": [], "excluded_lines": []}, "UserProfile": {"executed_lines": [125], "summary": {"covered_lines": 1, "num_statements": 1, "percent_covered": 100.0, "percent_covered_display": "100", "missing_lines": 0, "excluded_lines": 0}, "missing_lines": [], "excluded_lines": []}, "": {"executed_lines": [1, 11, 12, 13, 14, 17, 18, 20, 21, 22, 23, 24, 27, 28, 30, 31, 32, 33, 36, 37, 38, 40, 41, 42, 43, 44, 45, 47, 59, 60, 61, 63, 64, 65, 66, 67, 68, 69, 70, 71, 73, 88, 89, 90, 92, 93, 94, 95, 96, 97, 98, 100, 113, 114, 115, 117, 118, 119, 120, 121, 123, 134], "summary": {"covered_lines": 55, "num_statements": 55, "percent_covered": 100.0, "percent_covered_display": "100", "missing_lines": 0, "excluded_lines": 0}, "missing_lines": [], "excluded_lines": []}}}, "src/services/__init__.py": {"executed_lines": [1, 11, 12, 14, 15, 18, 19, 21, 22, 23, 25, 26, 30, 31, 36, 37, 39, 40, 41, 43, 45, 46, 48, 50, 52, 54, 55, 59, 66, 68, 69, 71, 72, 74, 77, 85, 86, 88, 91, 98, 100, 102, 104, 105, 107, 108, 110, 112, 117, 119, 120, 122, 125, 127, 129, 132, 135, 138, 141, 146, 160, 168, 170, 172, 174, 177, 180, 181, 183, 184, 186, 188, 191, 193, 196, 199, 201, 202, 204, 207, 208, 209, 211, 213, 215, 218, 220, 224, 227, 228, 229, 231, 235, 236, 238, 240, 242, 245, 246, 249, 253, 256, 258, 260, 261, 262, 263, 264, 265, 268, 269, 271, 272, 273, 275, 277, 279, 281, 283, 284, 286, 288, 291, 298, 299, 301, 303, 305, 309, 310, 311, 314, 315, 316, 318, 321, 322, 324, 325, 327, 329, 330, 332, 334, 336, 339, 345, 347, 348, 349, 350, 351, 352, 355, 356, 358, 359, 360, 362, 364, 365, 367, 369, 370, 372, 373, 375, 376, 377, 378, 379, 381, 382, 384, 386, 388, 390, 391, 392, 393, 395, 397, 399, 403, 406, 407, 408, 410], "summary": {"covered_lines": 178, "num_statements": 200, "percent_covered": 89.0, "percent_covered_display": "89", "missing_lines": 22, "excluded_lines": 8}, "missing_lines": [57, 61, 62, 63, 64, 113, 114, 115, 148, 149, 151, 158, 175, 187, 189, 212, 214, 216, 230, 232, 250, 254], "excluded_lines": [25, 26, 27, 28, 30, 31, 32, 33], "functions": {"BaseService.__init__": {"executed_lines": [22, 23], "summary": {"covered_lines": 2, "num_statements": 2, "percent_covered": 100.0, "percent_covered_display": "100", "missing_lines": 0, "excluded_lines": 0}, "missing_lines": [], "excluded_lines": []}, "BaseService.initialize": {"executed_lines": [], "summary": {"covered_lines": 0, "num_statements": 0, "percent_covered": 100.0, "percent_covered_display": "100", "missing_lines": 0, "excluded_lines": 2}, "missing_lines": [], "excluded_lines": [27, 28]}, "BaseService.shutdown": {"executed_lines": [], "summary": {"covered_lines": 0, "num_statements": 0, "percent_covered": 100.0, "percent_covered_display": "100", "missing_lines": 0, "excluded_lines": 2}, "missing_lines": [], "excluded_lines": [32, 33]}, "ContentAnalysisService.__init__": {"executed_lines": [40, 41], "summary": {"covered_lines": 2, "num_statements": 2, "percent_covered": 100.0, "percent_covered_display": "100", "missing_lines": 0, "excluded_lines": 0}, "missing_lines": [], "excluded_lines": []}, "ContentAnalysisService.initialize": {"executed_lines": [45, 46, 48, 50, 52, 54, 55, 59], "summary": {"covered_lines": 8, "num_statements": 13, "percent_covered": 61.53846153846154, "percent_covered_display": "62", "missing_lines": 5, "excluded_lines": 0}, "missing_lines": [57, 61, 62, 63, 64], "excluded_lines": []}, "ContentAnalysisService.shutdown": {"executed_lines": [68, 69, 71, 72], "summary": {"covered_lines": 4, "num_statements": 4, "percent_covered": 100.0, "percent_covered_display": "100", "missing_lines": 0, "excluded_lines": 0}, "missing_lines": [], "excluded_lines": []}, "ContentAnalysisService._init_analysis_models": {"executed_lines": [77, 85, 86], "summary": {"covered_lines": 3, "num_statements": 3, "percent_covered": 100.0, "percent_covered_display": "100", "missing_lines": 0, "excluded_lines": 0}, "missing_lines": [], "excluded_lines": []}, "ContentAnalysisService._setup_analysis_pipeline": {"executed_lines": [91, 98], "summary": {"covered_lines": 2, "num_statements": 2, "percent_covered": 100.0, "percent_covered_display": "100", "missing_lines": 0, "excluded_lines": 0}, "missing_lines": [], "excluded_lines": []}, "ContentAnalysisService._verify_models": {"executed_lines": [102, 104, 105, 107, 108, 110, 112], "summary": {"covered_lines": 7, "num_statements": 10, "percent_covered": 70.0, "percent_covered_display": "70", "missing_lines": 3, "excluded_lines": 0}, "missing_lines": [113, 114, 115], "excluded_lines": []}, "ContentAnalysisService.analyze_content": {"executed_lines": [119, 120, 122, 125, 127, 129, 132, 135, 138, 141, 146, 160], "summary": {"covered_lines": 12, "num_statements": 16, "percent_covered": 75.0, "percent_covered_display": "75", "missing_lines": 4, "excluded_lines": 0}, "missing_lines": [148, 149, 151, 158], "excluded_lines": []}, "ContentAnalysisService._preprocess_content": {"executed_lines": [170, 172, 174], "summary": {"covered_lines": 3, "num_statements": 4, "percent_covered": 75.0, "percent_covered_display": "75", "missing_lines": 1, "excluded_lines": 0}, "missing_lines": [175], "excluded_lines": []}, "ContentAnalysisService._analyze_sentiment": {"executed_lines": [180, 181, 183, 184, 186, 188, 191], "summary": {"covered_lines": 7, "num_statements": 9, "percent_covered": 77.77777777777777, "percent_covered_display": "78", "missing_lines": 2, "excluded_lines": 0}, "missing_lines": [187, 189], "excluded_lines": []}, "ContentAnalysisService._extract_keywords": {"executed_lines": [196, 199, 201, 202], "summary": {"covered_lines": 4, "num_statements": 4, "percent_covered": 100.0, "percent_covered_display": "100", "missing_lines": 0, "excluded_lines": 0}, "missing_lines": [], "excluded_lines": []}, "ContentAnalysisService._categorize_content": {"executed_lines": [207, 208, 209, 211, 213, 215, 218], "summary": {"covered_lines": 7, "num_statements": 10, "percent_covered": 70.0, "percent_covered_display": "70", "missing_lines": 3, "excluded_lines": 0}, "missing_lines": [212, 214, 216], "excluded_lines": []}, "ContentAnalysisService._calculate_quality_score": {"executed_lines": [224, 227, 228, 229, 231, 235, 236, 238], "summary": {"covered_lines": 8, "num_statements": 10, "percent_covered": 80.0, "percent_covered_display": "80", "missing_lines": 2, "excluded_lines": 0}, "missing_lines": [230, 232], "excluded_lines": []}, "ContentAnalysisService._calculate_confidence": {"executed_lines": [242, 245, 246, 249, 253, 256], "summary": {"covered_lines": 6, "num_statements": 8, "percent_covered": 75.0, "percent_covered_display": "75", "missing_lines": 2, "excluded_lines": 0}, "missing_lines": [250, 254], "excluded_lines": []}, "ContentAnalysisService.batch_analyze": {"executed_lines": [260, 261, 262, 263, 264, 265], "summary": {"covered_lines": 6, "num_statements": 6, "percent_covered": 100.0, "percent_covered_display": "100", "missing_lines": 0, "excluded_lines": 0}, "missing_lines": [], "excluded_lines": []}, "UserProfileService.__init__": {"executed_lines": [272, 273], "summary": {"covered_lines": 2, "num_statements": 2, "percent_covered": 100.0, "percent_covered_display": "100", "missing_lines": 0, "excluded_lines": 0}, "missing_lines": [], "excluded_lines": []}, "UserProfileService.initialize": {"executed_lines": [277, 279], "summary": {"covered_lines": 2, "num_statements": 2, "percent_covered": 100.0, "percent_covered_display": "100", "missing_lines": 0, "excluded_lines": 0}, "missing_lines": [], "excluded_lines": []}, "UserProfileService.shutdown": {"executed_lines": [283, 284], "summary": {"covered_lines": 2, "num_statements": 2, "percent_covered": 100.0, "percent_covered_display": "100", "missing_lines": 0, "excluded_lines": 0}, "missing_lines": [], "excluded_lines": []}, "UserProfileService.generate_profile": {"executed_lines": [288, 291, 298, 299], "summary": {"covered_lines": 4, "num_statements": 4, "percent_covered": 100.0, "percent_covered_display": "100", "missing_lines": 0, "excluded_lines": 0}, "missing_lines": [], "excluded_lines": []}, "UserProfileService.get_profile": {"executed_lines": [303], "summary": {"covered_lines": 1, "num_statements": 1, "percent_covered": 100.0, "percent_covered_display": "100", "missing_lines": 0, "excluded_lines": 0}, "missing_lines": [], "excluded_lines": []}, "UserProfileService.update_profile": {"executed_lines": [309, 310, 311, 314, 315, 316, 318], "summary": {"covered_lines": 7, "num_statements": 7, "percent_covered": 100.0, "percent_covered_display": "100", "missing_lines": 0, "excluded_lines": 0}, "missing_lines": [], "excluded_lines": []}, "DataProcessingService.__init__": {"executed_lines": [325], "summary": {"covered_lines": 1, "num_statements": 1, "percent_covered": 100.0, "percent_covered_display": "100", "missing_lines": 0, "excluded_lines": 0}, "missing_lines": [], "excluded_lines": []}, "DataProcessingService.initialize": {"executed_lines": [329, 330], "summary": {"covered_lines": 2, "num_statements": 2, "percent_covered": 100.0, "percent_covered_display": "100", "missing_lines": 0, "excluded_lines": 0}, "missing_lines": [], "excluded_lines": []}, "DataProcessingService.shutdown": {"executed_lines": [334], "summary": {"covered_lines": 1, "num_statements": 1, "percent_covered": 100.0, "percent_covered_display": "100", "missing_lines": 0, "excluded_lines": 0}, "missing_lines": [], "excluded_lines": []}, "DataProcessingService.process_text": {"executed_lines": [339], "summary": {"covered_lines": 1, "num_statements": 1, "percent_covered": 100.0, "percent_covered_display": "100", "missing_lines": 0, "excluded_lines": 0}, "missing_lines": [], "excluded_lines": []}, "DataProcessingService.process_batch": {"executed_lines": [347, 348, 349, 350, 351, 352], "summary": {"covered_lines": 6, "num_statements": 6, "percent_covered": 100.0, "percent_covered_display": "100", "missing_lines": 0, "excluded_lines": 0}, "missing_lines": [], "excluded_lines": []}, "ServiceManager.__init__": {"executed_lines": [359, 360], "summary": {"covered_lines": 2, "num_statements": 2, "percent_covered": 100.0, "percent_covered_display": "100", "missing_lines": 0, "excluded_lines": 0}, "missing_lines": [], "excluded_lines": []}, "ServiceManager.register_service": {"executed_lines": [364, 365], "summary": {"covered_lines": 2, "num_statements": 2, "percent_covered": 100.0, "percent_covered_display": "100", "missing_lines": 0, "excluded_lines": 0}, "missing_lines": [], "excluded_lines": []}, "ServiceManager.initialize_all": {"executed_lines": [369, 370, 372, 373, 375, 376, 377, 378, 379, 381, 382, 384], "summary": {"covered_lines": 12, "num_statements": 12, "percent_covered": 100.0, "percent_covered_display": "100", "missing_lines": 0, "excluded_lines": 0}, "missing_lines": [], "excluded_lines": []}, "ServiceManager.shutdown_all": {"executed_lines": [388, 390, 391, 392, 393, 395], "summary": {"covered_lines": 6, "num_statements": 6, "percent_covered": 100.0, "percent_covered_display": "100", "missing_lines": 0, "excluded_lines": 0}, "missing_lines": [], "excluded_lines": []}, "ServiceManager.get_service": {"executed_lines": [399], "summary": {"covered_lines": 1, "num_statements": 1, "percent_covered": 100.0, "percent_covered_display": "100", "missing_lines": 0, "excluded_lines": 0}, "missing_lines": [], "excluded_lines": []}, "": {"executed_lines": [1, 11, 12, 14, 15, 18, 19, 21, 25, 26, 30, 31, 36, 37, 39, 43, 66, 74, 88, 100, 117, 168, 177, 193, 204, 220, 240, 258, 268, 269, 271, 275, 281, 286, 301, 305, 321, 322, 324, 327, 332, 336, 345, 355, 356, 358, 362, 367, 386, 397, 403, 406, 407, 408, 410], "summary": {"covered_lines": 45, "num_statements": 45, "percent_covered": 100.0, "percent_covered_display": "100", "missing_lines": 0, "excluded_lines": 4}, "missing_lines": [], "excluded_lines": [25, 26, 30, 31]}}, "classes": {"BaseService": {"executed_lines": [22, 23], "summary": {"covered_lines": 2, "num_statements": 2, "percent_covered": 100.0, "percent_covered_display": "100", "missing_lines": 0, "excluded_lines": 4}, "missing_lines": [], "excluded_lines": [27, 28, 32, 33]}, "ContentAnalysisService": {"executed_lines": [40, 41, 45, 46, 48, 50, 52, 54, 55, 59, 68, 69, 71, 72, 77, 85, 86, 91, 98, 102, 104, 105, 107, 108, 110, 112, 119, 120, 122, 125, 127, 129, 132, 135, 138, 141, 146, 160, 170, 172, 174, 180, 181, 183, 184, 186, 188, 191, 196, 199, 201, 202, 207, 208, 209, 211, 213, 215, 218, 224, 227, 228, 229, 231, 235, 236, 238, 242, 245, 246, 249, 253, 256, 260, 261, 262, 263, 264, 265], "summary": {"covered_lines": 79, "num_statements": 101, "percent_covered": 78.21782178217822, "percent_covered_display": "78", "missing_lines": 22, "excluded_lines": 0}, "missing_lines": [57, 61, 62, 63, 64, 113, 114, 115, 148, 149, 151, 158, 175, 187, 189, 212, 214, 216, 230, 232, 250, 254], "excluded_lines": []}, "UserProfileService": {"executed_lines": [272, 273, 277, 279, 283, 284, 288, 291, 298, 299, 303, 309, 310, 311, 314, 315, 316, 318], "summary": {"covered_lines": 18, "num_statements": 18, "percent_covered": 100.0, "percent_covered_display": "100", "missing_lines": 0, "excluded_lines": 0}, "missing_lines": [], "excluded_lines": []}, "DataProcessingService": {"executed_lines": [325, 329, 330, 334, 339, 347, 348, 349, 350, 351, 352], "summary": {"covered_lines": 11, "num_statements": 11, "percent_covered": 100.0, "percent_covered_display": "100", "missing_lines": 0, "excluded_lines": 0}, "missing_lines": [], "excluded_lines": []}, "ServiceManager": {"executed_lines": [359, 360, 364, 365, 369, 370, 372, 373, 375, 376, 377, 378, 379, 381, 382, 384, 388, 390, 391, 392, 393, 395, 399], "summary": {"covered_lines": 23, "num_statements": 23, "percent_covered": 100.0, "percent_covered_display": "100", "missing_lines": 0, "excluded_lines": 0}, "missing_lines": [], "excluded_lines": []}, "": {"executed_lines": [1, 11, 12, 14, 15, 18, 19, 21, 25, 26, 30, 31, 36, 37, 39, 43, 66, 74, 88, 100, 117, 168, 177, 193, 204, 220, 240, 258, 268, 269, 271, 275, 281, 286, 301, 305, 321, 322, 324, 327, 332, 336, 345, 355, 356, 358, 362, 367, 386, 397, 403, 406, 407, 408, 410], "summary": {"covered_lines": 45, "num_statements": 45, "percent_covered": 100.0, "percent_covered_display": "100", "missing_lines": 0, "excluded_lines": 4}, "missing_lines": [], "excluded_lines": [25, 26, 30, 31]}}}, "src/utils/__init__.py": {"executed_lines": [1, 12, 13, 14, 15, 16, 17, 18, 19, 22, 23, 25, 26, 28, 29, 30, 32, 33, 35, 36, 37, 38, 39, 41, 42, 46, 47, 48, 50, 51, 53, 54, 56, 57, 58, 59, 60, 62, 63, 65, 68, 69, 71, 72, 74, 75, 77, 78, 80, 89, 91, 92, 96, 97, 99, 100, 101, 103, 104, 108, 109, 110, 112, 116, 119, 120, 122, 123, 125, 127, 128, 130, 132, 133, 135, 137, 138, 140, 142, 143, 147, 150, 151, 153, 154, 156, 158, 159, 161, 163, 164, 166, 167, 168, 169, 171, 173, 174, 176, 177, 179, 180, 183, 184, 186, 187, 189, 190, 191, 193, 194, 197, 198, 200, 201, 203, 204, 206, 207, 209, 210, 212, 213, 216, 217, 219, 220, 222, 223, 224, 227, 228, 230, 231, 233, 234, 235, 241, 244, 245, 247, 248, 252, 253, 255, 256, 258, 260, 261, 263, 264, 266, 269], "summary": {"covered_lines": 146, "num_statements": 146, "percent_covered": 100.0, "percent_covered_display": "100", "missing_lines": 0, "excluded_lines": 0}, "missing_lines": [], "excluded_lines": [], "functions": {"FileUtils.ensure_dir": {"executed_lines": [28, 29, 30], "summary": {"covered_lines": 3, "num_statements": 3, "percent_covered": 100.0, "percent_covered_display": "100", "missing_lines": 0, "excluded_lines": 0}, "missing_lines": [], "excluded_lines": []}, "FileUtils.read_json": {"executed_lines": [35, 36, 37, 38, 39], "summary": {"covered_lines": 5, "num_statements": 5, "percent_covered": 100.0, "percent_covered_display": "100", "missing_lines": 0, "excluded_lines": 0}, "missing_lines": [], "excluded_lines": []}, "FileUtils.write_json": {"executed_lines": [46, 47, 48, 50, 51], "summary": {"covered_lines": 5, "num_statements": 5, "percent_covered": 100.0, "percent_covered_display": "100", "missing_lines": 0, "excluded_lines": 0}, "missing_lines": [], "excluded_lines": []}, "FileUtils.get_file_hash": {"executed_lines": [56, 57, 58, 59, 60], "summary": {"covered_lines": 5, "num_statements": 5, "percent_covered": 100.0, "percent_covered_display": "100", "missing_lines": 0, "excluded_lines": 0}, "missing_lines": [], "excluded_lines": []}, "FileUtils.get_file_size": {"executed_lines": [65], "summary": {"covered_lines": 1, "num_statements": 1, "percent_covered": 100.0, "percent_covered_display": "100", "missing_lines": 0, "excluded_lines": 0}, "missing_lines": [], "excluded_lines": []}, "DataValidator.is_valid_email": {"executed_lines": [74, 75], "summary": {"covered_lines": 2, "num_statements": 2, "percent_covered": 100.0, "percent_covered_display": "100", "missing_lines": 0, "excluded_lines": 0}, "missing_lines": [], "excluded_lines": []}, "DataValidator.is_valid_url": {"executed_lines": [80, 89], "summary": {"covered_lines": 2, "num_statements": 2, "percent_covered": 100.0, "percent_covered_display": "100", "missing_lines": 0, "excluded_lines": 0}, "missing_lines": [], "excluded_lines": []}, "DataValidator.validate_required_fields": {"executed_lines": [96, 97, 99, 100, 101], "summary": {"covered_lines": 5, "num_statements": 5, "percent_covered": 100.0, "percent_covered_display": "100", "missing_lines": 0, "excluded_lines": 0}, "missing_lines": [], "excluded_lines": []}, "DataValidator.validate_data_types": {"executed_lines": [108, 109, 110, 112, 116], "summary": {"covered_lines": 5, "num_statements": 5, "percent_covered": 100.0, "percent_covered_display": "100", "missing_lines": 0, "excluded_lines": 0}, "missing_lines": [], "excluded_lines": []}, "TimeUtils.now_utc": {"executed_lines": [125], "summary": {"covered_lines": 1, "num_statements": 1, "percent_covered": 100.0, "percent_covered_display": "100", "missing_lines": 0, "excluded_lines": 0}, "missing_lines": [], "excluded_lines": []}, "TimeUtils.timestamp_to_datetime": {"executed_lines": [130], "summary": {"covered_lines": 1, "num_statements": 1, "percent_covered": 100.0, "percent_covered_display": "100", "missing_lines": 0, "excluded_lines": 0}, "missing_lines": [], "excluded_lines": []}, "TimeUtils.datetime_to_timestamp": {"executed_lines": [135], "summary": {"covered_lines": 1, "num_statements": 1, "percent_covered": 100.0, "percent_covered_display": "100", "missing_lines": 0, "excluded_lines": 0}, "missing_lines": [], "excluded_lines": []}, "TimeUtils.format_datetime": {"executed_lines": [140], "summary": {"covered_lines": 1, "num_statements": 1, "percent_covered": 100.0, "percent_covered_display": "100", "missing_lines": 0, "excluded_lines": 0}, "missing_lines": [], "excluded_lines": []}, "TimeUtils.parse_datetime": {"executed_lines": [147], "summary": {"covered_lines": 1, "num_statements": 1, "percent_covered": 100.0, "percent_covered_display": "100", "missing_lines": 0, "excluded_lines": 0}, "missing_lines": [], "excluded_lines": []}, "CryptoUtils.generate_uuid": {"executed_lines": [156], "summary": {"covered_lines": 1, "num_statements": 1, "percent_covered": 100.0, "percent_covered_display": "100", "missing_lines": 0, "excluded_lines": 0}, "missing_lines": [], "excluded_lines": []}, "CryptoUtils.generate_short_id": {"executed_lines": [161], "summary": {"covered_lines": 1, "num_statements": 1, "percent_covered": 100.0, "percent_covered_display": "100", "missing_lines": 0, "excluded_lines": 0}, "missing_lines": [], "excluded_lines": []}, "CryptoUtils.hash_string": {"executed_lines": [166, 167, 168, 169, 171], "summary": {"covered_lines": 5, "num_statements": 5, "percent_covered": 100.0, "percent_covered_display": "100", "missing_lines": 0, "excluded_lines": 0}, "missing_lines": [], "excluded_lines": []}, "CryptoUtils.hash_password": {"executed_lines": [176, 177, 179, 180], "summary": {"covered_lines": 4, "num_statements": 4, "percent_covered": 100.0, "percent_covered_display": "100", "missing_lines": 0, "excluded_lines": 0}, "missing_lines": [], "excluded_lines": []}, "StringUtils.truncate": {"executed_lines": [189, 190, 191], "summary": {"covered_lines": 3, "num_statements": 3, "percent_covered": 100.0, "percent_covered_display": "100", "missing_lines": 0, "excluded_lines": 0}, "missing_lines": [], "excluded_lines": []}, "StringUtils.slugify": {"executed_lines": [197, 198], "summary": {"covered_lines": 2, "num_statements": 2, "percent_covered": 100.0, "percent_covered_display": "100", "missing_lines": 0, "excluded_lines": 0}, "missing_lines": [], "excluded_lines": []}, "StringUtils.camel_to_snake": {"executed_lines": [203, 204], "summary": {"covered_lines": 2, "num_statements": 2, "percent_covered": 100.0, "percent_covered_display": "100", "missing_lines": 0, "excluded_lines": 0}, "missing_lines": [], "excluded_lines": []}, "StringUtils.snake_to_camel": {"executed_lines": [209, 210], "summary": {"covered_lines": 2, "num_statements": 2, "percent_covered": 100.0, "percent_covered_display": "100", "missing_lines": 0, "excluded_lines": 0}, "missing_lines": [], "excluded_lines": []}, "StringUtils.clean_text": {"executed_lines": [216, 217], "summary": {"covered_lines": 2, "num_statements": 2, "percent_covered": 100.0, "percent_covered_display": "100", "missing_lines": 0, "excluded_lines": 0}, "missing_lines": [], "excluded_lines": []}, "StringUtils.extract_numbers": {"executed_lines": [222, 223, 224], "summary": {"covered_lines": 3, "num_statements": 3, "percent_covered": 100.0, "percent_covered_display": "100", "missing_lines": 0, "excluded_lines": 0}, "missing_lines": [], "excluded_lines": []}, "DictUtils.deep_merge": {"executed_lines": [233, 234, 235, 241, 244, 245], "summary": {"covered_lines": 6, "num_statements": 6, "percent_covered": 100.0, "percent_covered_display": "100", "missing_lines": 0, "excluded_lines": 0}, "missing_lines": [], "excluded_lines": []}, "DictUtils.flatten_dict": {"executed_lines": [252, 253, 255, 256, 258, 260, 261], "summary": {"covered_lines": 7, "num_statements": 7, "percent_covered": 100.0, "percent_covered_display": "100", "missing_lines": 0, "excluded_lines": 0}, "missing_lines": [], "excluded_lines": []}, "DictUtils.filter_none_values": {"executed_lines": [266], "summary": {"covered_lines": 1, "num_statements": 1, "percent_covered": 100.0, "percent_covered_display": "100", "missing_lines": 0, "excluded_lines": 0}, "missing_lines": [], "excluded_lines": []}, "": {"executed_lines": [1, 12, 13, 14, 15, 16, 17, 18, 19, 22, 23, 25, 26, 32, 33, 41, 42, 53, 54, 62, 63, 68, 69, 71, 72, 77, 78, 91, 92, 103, 104, 119, 120, 122, 123, 127, 128, 132, 133, 137, 138, 142, 143, 150, 151, 153, 154, 158, 159, 163, 164, 173, 174, 183, 184, 186, 187, 193, 194, 200, 201, 206, 207, 212, 213, 219, 220, 227, 228, 230, 231, 247, 248, 263, 264, 269], "summary": {"covered_lines": 69, "num_statements": 69, "percent_covered": 100.0, "percent_covered_display": "100", "missing_lines": 0, "excluded_lines": 0}, "missing_lines": [], "excluded_lines": []}}, "classes": {"FileUtils": {"executed_lines": [28, 29, 30, 35, 36, 37, 38, 39, 46, 47, 48, 50, 51, 56, 57, 58, 59, 60, 65], "summary": {"covered_lines": 19, "num_statements": 19, "percent_covered": 100.0, "percent_covered_display": "100", "missing_lines": 0, "excluded_lines": 0}, "missing_lines": [], "excluded_lines": []}, "DataValidator": {"executed_lines": [74, 75, 80, 89, 96, 97, 99, 100, 101, 108, 109, 110, 112, 116], "summary": {"covered_lines": 14, "num_statements": 14, "percent_covered": 100.0, "percent_covered_display": "100", "missing_lines": 0, "excluded_lines": 0}, "missing_lines": [], "excluded_lines": []}, "TimeUtils": {"executed_lines": [125, 130, 135, 140, 147], "summary": {"covered_lines": 5, "num_statements": 5, "percent_covered": 100.0, "percent_covered_display": "100", "missing_lines": 0, "excluded_lines": 0}, "missing_lines": [], "excluded_lines": []}, "CryptoUtils": {"executed_lines": [156, 161, 166, 167, 168, 169, 171, 176, 177, 179, 180], "summary": {"covered_lines": 11, "num_statements": 11, "percent_covered": 100.0, "percent_covered_display": "100", "missing_lines": 0, "excluded_lines": 0}, "missing_lines": [], "excluded_lines": []}, "StringUtils": {"executed_lines": [189, 190, 191, 197, 198, 203, 204, 209, 210, 216, 217, 222, 223, 224], "summary": {"covered_lines": 14, "num_statements": 14, "percent_covered": 100.0, "percent_covered_display": "100", "missing_lines": 0, "excluded_lines": 0}, "missing_lines": [], "excluded_lines": []}, "DictUtils": {"executed_lines": [233, 234, 235, 241, 244, 245, 252, 253, 255, 256, 258, 260, 261, 266], "summary": {"covered_lines": 14, "num_statements": 14, "percent_covered": 100.0, "percent_covered_display": "100", "missing_lines": 0, "excluded_lines": 0}, "missing_lines": [], "excluded_lines": []}, "": {"executed_lines": [1, 12, 13, 14, 15, 16, 17, 18, 19, 22, 23, 25, 26, 32, 33, 41, 42, 53, 54, 62, 63, 68, 69, 71, 72, 77, 78, 91, 92, 103, 104, 119, 120, 122, 123, 127, 128, 132, 133, 137, 138, 142, 143, 150, 151, 153, 154, 158, 159, 163, 164, 173, 174, 183, 184, 186, 187, 193, 194, 200, 201, 206, 207, 212, 213, 219, 220, 227, 228, 230, 231, 247, 248, 263, 264, 269], "summary": {"covered_lines": 69, "num_statements": 69, "percent_covered": 100.0, "percent_covered_display": "100", "missing_lines": 0, "excluded_lines": 0}, "missing_lines": [], "excluded_lines": []}}}}, "totals": {"covered_lines": 434, "num_statements": 457, "percent_covered": 94.9671772428884, "percent_covered_display": "95", "missing_lines": 23, "excluded_lines": 8}}