{"meta": {"format": 3, "version": "7.10.3", "timestamp": "2025-08-24T02:05:15.342995", "branch_coverage": false, "show_contexts": false}, "files": {"aiculture/__init__.py": {"executed_lines": [1, 11, 12, 13, 15, 16, 18], "summary": {"covered_lines": 6, "num_statements": 6, "percent_covered": 100.0, "percent_covered_display": "100", "missing_lines": 0, "excluded_lines": 0}, "missing_lines": [], "excluded_lines": [], "functions": {"": {"executed_lines": [1, 11, 12, 13, 15, 16, 18], "summary": {"covered_lines": 6, "num_statements": 6, "percent_covered": 100.0, "percent_covered_display": "100", "missing_lines": 0, "excluded_lines": 0}, "missing_lines": [], "excluded_lines": []}}, "classes": {"": {"executed_lines": [1, 11, 12, 13, 15, 16, 18], "summary": {"covered_lines": 6, "num_statements": 6, "percent_covered": 100.0, "percent_covered_display": "100", "missing_lines": 0, "excluded_lines": 0}, "missing_lines": [], "excluded_lines": []}}}, "aiculture/accessibility_culture.py": {"executed_lines": [1, 12, 13, 14, 15, 16, 17, 18, 21, 22, 24, 25, 26, 29, 30, 32, 33, 34, 35, 38, 39, 41, 42, 43, 44, 45, 48, 49, 50, 52, 53, 54, 55, 56, 57, 58, 59, 60, 61, 64, 65, 66, 68, 69, 70, 71, 72, 73, 74, 77, 78, 79, 81, 82, 83, 84, 85, 86, 87, 90, 91, 93, 96, 154, 175, 177, 179, 180, 181, 183, 186, 187, 189, 190, 192, 204, 207, 212, 214, 248, 250, 251, 252, 254, 255, 256, 257, 260, 279, 282, 283, 285, 288, 296, 321, 327, 329, 331, 332, 333, 334, 337, 338, 347, 349, 351, 353, 355, 356, 357, 358, 367, 369, 371, 373, 375, 376, 377, 379, 382, 384, 385, 388, 389, 392, 393, 398, 400, 402, 403, 404, 405, 406, 407, 408, 409, 411, 413, 414, 416, 417, 418, 419, 420, 421, 423, 424, 425, 430, 432, 434, 436, 437, 438, 440, 441, 443, 445, 447, 452, 454, 455, 458, 461, 464, 466, 474, 475, 477, 479, 506, 508, 510, 511, 512, 514, 515, 517, 518, 521, 522, 523, 525, 534, 539, 541, 543, 545, 546, 547, 550, 551, 560, 565, 568, 569, 571, 573, 574, 575, 576, 578, 580, 581, 584, 585, 588, 589, 590, 593, 602, 603, 605, 606, 607, 609, 618, 620, 621, 624, 625, 626, 629, 630, 631, 634, 635, 638, 639, 640, 641, 642, 644, 654, 656, 657, 660, 661, 664, 665, 666, 669, 670, 673, 674, 677, 678, 679, 681, 688, 690, 691, 692, 694, 701, 702, 703, 705, 707, 723, 725, 730, 732, 734, 735, 736, 738, 749, 753, 755, 756, 757, 759, 760, 761, 763, 764, 767, 769, 773, 775, 776, 777, 779, 782, 784, 786, 788, 790, 791, 792, 794, 795, 796, 798, 800, 804], "summary": {"covered_lines": 285, "num_statements": 324, "percent_covered": 87.96296296296296, "percent_covered_display": "88", "missing_lines": 39, "excluded_lines": 8}, "missing_lines": [209, 210, 216, 218, 219, 220, 223, 224, 226, 227, 229, 241, 243, 244, 246, 261, 262, 264, 265, 277, 395, 396, 427, 428, 536, 537, 562, 563, 586, 594, 595, 597, 598, 599, 627, 662, 671, 765, 780], "excluded_lines": [804, 807, 810, 811, 814, 815, 818, 819], "functions": {"AccessibilityChecker.__init__": {"executed_lines": [96, 154], "summary": {"covered_lines": 2, "num_statements": 2, "percent_covered": 100.0, "percent_covered_display": "100", "missing_lines": 0, "excluded_lines": 0}, "missing_lines": [], "excluded_lines": []}, "AccessibilityChecker.check_html_file": {"executed_lines": [177, 179, 180, 181, 183, 186, 187, 189, 190, 192, 204, 207, 212], "summary": {"covered_lines": 13, "num_statements": 15, "percent_covered": 86.66666666666667, "percent_covered_display": "87", "missing_lines": 2, "excluded_lines": 0}, "missing_lines": [209, 210], "excluded_lines": []}, "AccessibilityChecker.check_jsx_file": {"executed_lines": [], "summary": {"covered_lines": 0, "num_statements": 13, "percent_covered": 0.0, "percent_covered_display": "0", "missing_lines": 13, "excluded_lines": 0}, "missing_lines": [216, 218, 219, 220, 223, 224, 226, 227, 229, 241, 243, 244, 246], "excluded_lines": []}, "AccessibilityChecker._check_heading_hierarchy": {"executed_lines": [250, 251, 252, 254, 255, 256, 257, 260, 279], "summary": {"covered_lines": 9, "num_statements": 14, "percent_covered": 64.28571428571429, "percent_covered_display": "64", "missing_lines": 5, "excluded_lines": 0}, "missing_lines": [261, 262, 264, 265, 277], "excluded_lines": []}, "InternationalizationChecker.__init__": {"executed_lines": [288, 296, 321], "summary": {"covered_lines": 3, "num_statements": 3, "percent_covered": 100.0, "percent_covered_display": "100", "missing_lines": 0, "excluded_lines": 0}, "missing_lines": [], "excluded_lines": []}, "InternationalizationChecker._check_hardcoded_text_in_line": {"executed_lines": [329, 331, 332, 333, 334, 337, 338, 347, 349], "summary": {"covered_lines": 9, "num_statements": 9, "percent_covered": 100.0, "percent_covered_display": "100", "missing_lines": 0, "excluded_lines": 0}, "missing_lines": [], "excluded_lines": []}, "InternationalizationChecker._check_datetime_format_in_line": {"executed_lines": [353, 355, 356, 357, 358, 367, 369], "summary": {"covered_lines": 7, "num_statements": 7, "percent_covered": 100.0, "percent_covered_display": "100", "missing_lines": 0, "excluded_lines": 0}, "missing_lines": [], "excluded_lines": []}, "InternationalizationChecker.check_file": {"executed_lines": [373, 375, 376, 377, 379, 382, 384, 385, 388, 389, 392, 393, 398], "summary": {"covered_lines": 13, "num_statements": 15, "percent_covered": 86.66666666666667, "percent_covered_display": "87", "missing_lines": 2, "excluded_lines": 0}, "missing_lines": [395, 396], "excluded_lines": []}, "InternationalizationChecker._collect_translation_keys": {"executed_lines": [402, 403, 404, 405, 406, 407, 408, 409], "summary": {"covered_lines": 8, "num_statements": 8, "percent_covered": 100.0, "percent_covered_display": "100", "missing_lines": 0, "excluded_lines": 0}, "missing_lines": [], "excluded_lines": []}, "InternationalizationChecker._load_translation_files": {"executed_lines": [413, 414, 416, 417, 418, 419, 420, 421, 423, 424, 425, 430], "summary": {"covered_lines": 12, "num_statements": 14, "percent_covered": 85.71428571428571, "percent_covered_display": "86", "missing_lines": 2, "excluded_lines": 0}, "missing_lines": [427, 428], "excluded_lines": []}, "InternationalizationChecker._find_missing_translations": {"executed_lines": [434, 436, 437, 438, 440, 441, 443], "summary": {"covered_lines": 7, "num_statements": 7, "percent_covered": 100.0, "percent_covered_display": "100", "missing_lines": 0, "excluded_lines": 0}, "missing_lines": [], "excluded_lines": []}, "InternationalizationChecker._calculate_completeness_rates": {"executed_lines": [447], "summary": {"covered_lines": 1, "num_statements": 1, "percent_covered": 100.0, "percent_covered_display": "100", "missing_lines": 0, "excluded_lines": 0}, "missing_lines": [], "excluded_lines": []}, "InternationalizationChecker.check_translation_completeness": {"executed_lines": [454, 455, 458, 461, 464, 466], "summary": {"covered_lines": 6, "num_statements": 6, "percent_covered": 100.0, "percent_covered_display": "100", "missing_lines": 0, "excluded_lines": 0}, "missing_lines": [], "excluded_lines": []}, "ResponsiveDesignChecker.__init__": {"executed_lines": [479], "summary": {"covered_lines": 1, "num_statements": 1, "percent_covered": 100.0, "percent_covered_display": "100", "missing_lines": 0, "excluded_lines": 0}, "missing_lines": [], "excluded_lines": []}, "ResponsiveDesignChecker.check_css_file": {"executed_lines": [508, 510, 511, 512, 514, 515, 517, 518, 521, 522, 523, 525, 534, 539], "summary": {"covered_lines": 14, "num_statements": 16, "percent_covered": 87.5, "percent_covered_display": "88", "missing_lines": 2, "excluded_lines": 0}, "missing_lines": [536, 537], "excluded_lines": []}, "ResponsiveDesignChecker.check_html_file": {"executed_lines": [543, 545, 546, 547, 550, 551, 560, 565], "summary": {"covered_lines": 8, "num_statements": 10, "percent_covered": 80.0, "percent_covered_display": "80", "missing_lines": 2, "excluded_lines": 0}, "missing_lines": [562, 563], "excluded_lines": []}, "AccessibilityCultureManager.__init__": {"executed_lines": [573, 574, 575, 576], "summary": {"covered_lines": 4, "num_statements": 4, "percent_covered": 100.0, "percent_covered_display": "100", "missing_lines": 0, "excluded_lines": 0}, "missing_lines": [], "excluded_lines": []}, "AccessibilityCultureManager.scan_project_accessibility": {"executed_lines": [580, 581, 584, 585, 588, 589, 590, 593, 602, 603, 605, 606, 607, 609], "summary": {"covered_lines": 14, "num_statements": 20, "percent_covered": 70.0, "percent_covered_display": "70", "missing_lines": 6, "excluded_lines": 0}, "missing_lines": [586, 594, 595, 597, 598, 599], "excluded_lines": []}, "AccessibilityCultureManager.scan_project_i18n": {"executed_lines": [620, 621, 624, 625, 626, 629, 630, 631, 634, 635, 638, 639, 640, 641, 642, 644], "summary": {"covered_lines": 16, "num_statements": 17, "percent_covered": 94.11764705882354, "percent_covered_display": "94", "missing_lines": 1, "excluded_lines": 0}, "missing_lines": [627], "excluded_lines": []}, "AccessibilityCultureManager.scan_project_responsive": {"executed_lines": [656, 657, 660, 661, 664, 665, 666, 669, 670, 673, 674, 677, 678, 679, 681], "summary": {"covered_lines": 15, "num_statements": 17, "percent_covered": 88.23529411764706, "percent_covered_display": "88", "missing_lines": 2, "excluded_lines": 0}, "missing_lines": [662, 671], "excluded_lines": []}, "AccessibilityCultureManager.generate_comprehensive_report": {"executed_lines": [690, 691, 692, 694, 701, 702, 703, 705, 707], "summary": {"covered_lines": 9, "num_statements": 9, "percent_covered": 100.0, "percent_covered_display": "100", "missing_lines": 0, "excluded_lines": 0}, "missing_lines": [], "excluded_lines": []}, "AccessibilityCultureManager._should_skip_file": {"executed_lines": [725], "summary": {"covered_lines": 1, "num_statements": 1, "percent_covered": 100.0, "percent_covered_display": "100", "missing_lines": 0, "excluded_lines": 0}, "missing_lines": [], "excluded_lines": []}, "AccessibilityCultureManager._calculate_wcag_compliance": {"executed_lines": [732, 734, 735, 736, 738], "summary": {"covered_lines": 5, "num_statements": 5, "percent_covered": 100.0, "percent_covered_display": "100", "missing_lines": 0, "excluded_lines": 0}, "missing_lines": [], "excluded_lines": []}, "AccessibilityCultureManager._generate_accessibility_recommendations": {"executed_lines": [753, 755, 756, 757, 759, 760, 761, 763, 764, 767], "summary": {"covered_lines": 10, "num_statements": 11, "percent_covered": 90.9090909090909, "percent_covered_display": "91", "missing_lines": 1, "excluded_lines": 0}, "missing_lines": [765], "excluded_lines": []}, "AccessibilityCultureManager._generate_i18n_recommendations": {"executed_lines": [773, 775, 776, 777, 779, 782, 784], "summary": {"covered_lines": 7, "num_statements": 8, "percent_covered": 87.5, "percent_covered_display": "88", "missing_lines": 1, "excluded_lines": 0}, "missing_lines": [780], "excluded_lines": []}, "AccessibilityCultureManager._generate_responsive_recommendations": {"executed_lines": [788, 790, 791, 792, 794, 795, 796, 798, 800], "summary": {"covered_lines": 9, "num_statements": 9, "percent_covered": 100.0, "percent_covered_display": "100", "missing_lines": 0, "excluded_lines": 0}, "missing_lines": [], "excluded_lines": []}, "": {"executed_lines": [1, 12, 13, 14, 15, 16, 17, 18, 21, 22, 24, 25, 26, 29, 30, 32, 33, 34, 35, 38, 39, 41, 42, 43, 44, 45, 48, 49, 50, 52, 53, 54, 55, 56, 57, 58, 59, 60, 61, 64, 65, 66, 68, 69, 70, 71, 72, 73, 74, 77, 78, 79, 81, 82, 83, 84, 85, 86, 87, 90, 91, 93, 175, 214, 248, 282, 283, 285, 327, 351, 371, 400, 411, 432, 445, 452, 474, 475, 477, 506, 541, 568, 569, 571, 578, 618, 654, 688, 723, 730, 749, 769, 786, 804], "summary": {"covered_lines": 82, "num_statements": 82, "percent_covered": 100.0, "percent_covered_display": "100", "missing_lines": 0, "excluded_lines": 8}, "missing_lines": [], "excluded_lines": [804, 807, 810, 811, 814, 815, 818, 819]}}, "classes": {"AccessibilityLevel": {"executed_lines": [], "summary": {"covered_lines": 0, "num_statements": 0, "percent_covered": 100.0, "percent_covered_display": "100", "missing_lines": 0, "excluded_lines": 0}, "missing_lines": [], "excluded_lines": []}, "AccessibilityCategory": {"executed_lines": [], "summary": {"covered_lines": 0, "num_statements": 0, "percent_covered": 100.0, "percent_covered_display": "100", "missing_lines": 0, "excluded_lines": 0}, "missing_lines": [], "excluded_lines": []}, "DeviceType": {"executed_lines": [], "summary": {"covered_lines": 0, "num_statements": 0, "percent_covered": 100.0, "percent_covered_display": "100", "missing_lines": 0, "excluded_lines": 0}, "missing_lines": [], "excluded_lines": []}, "AccessibilityIssue": {"executed_lines": [], "summary": {"covered_lines": 0, "num_statements": 0, "percent_covered": 100.0, "percent_covered_display": "100", "missing_lines": 0, "excluded_lines": 0}, "missing_lines": [], "excluded_lines": []}, "I18nIssue": {"executed_lines": [], "summary": {"covered_lines": 0, "num_statements": 0, "percent_covered": 100.0, "percent_covered_display": "100", "missing_lines": 0, "excluded_lines": 0}, "missing_lines": [], "excluded_lines": []}, "ResponsiveIssue": {"executed_lines": [], "summary": {"covered_lines": 0, "num_statements": 0, "percent_covered": 100.0, "percent_covered_display": "100", "missing_lines": 0, "excluded_lines": 0}, "missing_lines": [], "excluded_lines": []}, "AccessibilityChecker": {"executed_lines": [96, 154, 177, 179, 180, 181, 183, 186, 187, 189, 190, 192, 204, 207, 212, 250, 251, 252, 254, 255, 256, 257, 260, 279], "summary": {"covered_lines": 24, "num_statements": 44, "percent_covered": 54.54545454545455, "percent_covered_display": "55", "missing_lines": 20, "excluded_lines": 0}, "missing_lines": [209, 210, 216, 218, 219, 220, 223, 224, 226, 227, 229, 241, 243, 244, 246, 261, 262, 264, 265, 277], "excluded_lines": []}, "InternationalizationChecker": {"executed_lines": [288, 296, 321, 329, 331, 332, 333, 334, 337, 338, 347, 349, 353, 355, 356, 357, 358, 367, 369, 373, 375, 376, 377, 379, 382, 384, 385, 388, 389, 392, 393, 398, 402, 403, 404, 405, 406, 407, 408, 409, 413, 414, 416, 417, 418, 419, 420, 421, 423, 424, 425, 430, 434, 436, 437, 438, 440, 441, 443, 447, 454, 455, 458, 461, 464, 466], "summary": {"covered_lines": 66, "num_statements": 70, "percent_covered": 94.28571428571429, "percent_covered_display": "94", "missing_lines": 4, "excluded_lines": 0}, "missing_lines": [395, 396, 427, 428], "excluded_lines": []}, "ResponsiveDesignChecker": {"executed_lines": [479, 508, 510, 511, 512, 514, 515, 517, 518, 521, 522, 523, 525, 534, 539, 543, 545, 546, 547, 550, 551, 560, 565], "summary": {"covered_lines": 23, "num_statements": 27, "percent_covered": 85.18518518518519, "percent_covered_display": "85", "missing_lines": 4, "excluded_lines": 0}, "missing_lines": [536, 537, 562, 563], "excluded_lines": []}, "AccessibilityCultureManager": {"executed_lines": [573, 574, 575, 576, 580, 581, 584, 585, 588, 589, 590, 593, 602, 603, 605, 606, 607, 609, 620, 621, 624, 625, 626, 629, 630, 631, 634, 635, 638, 639, 640, 641, 642, 644, 656, 657, 660, 661, 664, 665, 666, 669, 670, 673, 674, 677, 678, 679, 681, 690, 691, 692, 694, 701, 702, 703, 705, 707, 725, 732, 734, 735, 736, 738, 753, 755, 756, 757, 759, 760, 761, 763, 764, 767, 773, 775, 776, 777, 779, 782, 784, 788, 790, 791, 792, 794, 795, 796, 798, 800], "summary": {"covered_lines": 90, "num_statements": 101, "percent_covered": 89.10891089108911, "percent_covered_display": "89", "missing_lines": 11, "excluded_lines": 0}, "missing_lines": [586, 594, 595, 597, 598, 599, 627, 662, 671, 765, 780], "excluded_lines": []}, "": {"executed_lines": [1, 12, 13, 14, 15, 16, 17, 18, 21, 22, 24, 25, 26, 29, 30, 32, 33, 34, 35, 38, 39, 41, 42, 43, 44, 45, 48, 49, 50, 52, 53, 54, 55, 56, 57, 58, 59, 60, 61, 64, 65, 66, 68, 69, 70, 71, 72, 73, 74, 77, 78, 79, 81, 82, 83, 84, 85, 86, 87, 90, 91, 93, 175, 214, 248, 282, 283, 285, 327, 351, 371, 400, 411, 432, 445, 452, 474, 475, 477, 506, 541, 568, 569, 571, 578, 618, 654, 688, 723, 730, 749, 769, 786, 804], "summary": {"covered_lines": 82, "num_statements": 82, "percent_covered": 100.0, "percent_covered_display": "100", "missing_lines": 0, "excluded_lines": 8}, "missing_lines": [], "excluded_lines": [804, 807, 810, 811, 814, 815, 818, 819]}}}, "aiculture/ai_culture_principles.py": {"executed_lines": [1, 7, 8, 9, 10, 12, 15, 16, 18, 19, 20, 21, 22, 23, 24, 25, 26, 27, 28, 29, 32, 33, 34, 36, 37, 38, 39, 40, 41, 42, 43, 46, 47, 49, 51, 53, 55, 58, 84, 108, 134, 160, 186, 212, 238, 264, 290, 316, 342, 367, 369, 371, 373, 375, 377, 379, 381, 399], "summary": {"covered_lines": 54, "num_statements": 74, "percent_covered": 72.97297297297297, "percent_covered_display": "73", "missing_lines": 20, "excluded_lines": 0}, "missing_lines": [383, 384, 385, 396, 397, 401, 402, 404, 407, 408, 410, 411, 414, 415, 416, 418, 419, 422, 423, 425], "excluded_lines": [], "functions": {"AICulturePrinciples.__init__": {"executed_lines": [51], "summary": {"covered_lines": 1, "num_statements": 1, "percent_covered": 100.0, "percent_covered_display": "100", "missing_lines": 0, "excluded_lines": 0}, "missing_lines": [], "excluded_lines": []}, "AICulturePrinciples._load_all_principles": {"executed_lines": [55, 58, 84, 108, 134, 160, 186, 212, 238, 264, 290, 316, 342, 367], "summary": {"covered_lines": 14, "num_statements": 14, "percent_covered": 100.0, "percent_covered_display": "100", "missing_lines": 0, "excluded_lines": 0}, "missing_lines": [], "excluded_lines": []}, "AICulturePrinciples.get_principle": {"executed_lines": [371], "summary": {"covered_lines": 1, "num_statements": 1, "percent_covered": 100.0, "percent_covered_display": "100", "missing_lines": 0, "excluded_lines": 0}, "missing_lines": [], "excluded_lines": []}, "AICulturePrinciples.get_by_category": {"executed_lines": [375], "summary": {"covered_lines": 1, "num_statements": 1, "percent_covered": 100.0, "percent_covered_display": "100", "missing_lines": 0, "excluded_lines": 0}, "missing_lines": [], "excluded_lines": []}, "AICulturePrinciples.get_ai_instructions": {"executed_lines": [379], "summary": {"covered_lines": 1, "num_statements": 1, "percent_covered": 100.0, "percent_covered_display": "100", "missing_lines": 0, "excluded_lines": 0}, "missing_lines": [], "excluded_lines": []}, "AICulturePrinciples.export_to_yaml": {"executed_lines": [], "summary": {"covered_lines": 0, "num_statements": 5, "percent_covered": 0.0, "percent_covered_display": "0", "missing_lines": 5, "excluded_lines": 0}, "missing_lines": [383, 384, 385, 396, 397], "excluded_lines": []}, "AICulturePrinciples.validate_project": {"executed_lines": [], "summary": {"covered_lines": 0, "num_statements": 15, "percent_covered": 0.0, "percent_covered_display": "0", "missing_lines": 15, "excluded_lines": 0}, "missing_lines": [401, 402, 404, 407, 408, 410, 411, 414, 415, 416, 418, 419, 422, 423, 425], "excluded_lines": []}, "": {"executed_lines": [1, 7, 8, 9, 10, 12, 15, 16, 18, 19, 20, 21, 22, 23, 24, 25, 26, 27, 28, 29, 32, 33, 34, 36, 37, 38, 39, 40, 41, 42, 43, 46, 47, 49, 53, 369, 373, 377, 381, 399], "summary": {"covered_lines": 36, "num_statements": 36, "percent_covered": 100.0, "percent_covered_display": "100", "missing_lines": 0, "excluded_lines": 0}, "missing_lines": [], "excluded_lines": []}}, "classes": {"PrincipleCategory": {"executed_lines": [], "summary": {"covered_lines": 0, "num_statements": 0, "percent_covered": 100.0, "percent_covered_display": "100", "missing_lines": 0, "excluded_lines": 0}, "missing_lines": [], "excluded_lines": []}, "DevelopmentPrinciple": {"executed_lines": [], "summary": {"covered_lines": 0, "num_statements": 0, "percent_covered": 100.0, "percent_covered_display": "100", "missing_lines": 0, "excluded_lines": 0}, "missing_lines": [], "excluded_lines": []}, "AICulturePrinciples": {"executed_lines": [51, 55, 58, 84, 108, 134, 160, 186, 212, 238, 264, 290, 316, 342, 367, 371, 375, 379], "summary": {"covered_lines": 18, "num_statements": 38, "percent_covered": 47.36842105263158, "percent_covered_display": "47", "missing_lines": 20, "excluded_lines": 0}, "missing_lines": [383, 384, 385, 396, 397, 401, 402, 404, 407, 408, 410, 411, 414, 415, 416, 418, 419, 422, 423, 425], "excluded_lines": []}, "": {"executed_lines": [1, 7, 8, 9, 10, 12, 15, 16, 18, 19, 20, 21, 22, 23, 24, 25, 26, 27, 28, 29, 32, 33, 34, 36, 37, 38, 39, 40, 41, 42, 43, 46, 47, 49, 53, 369, 373, 377, 381, 399], "summary": {"covered_lines": 36, "num_statements": 36, "percent_covered": 100.0, "percent_covered_display": "100", "missing_lines": 0, "excluded_lines": 0}, "missing_lines": [], "excluded_lines": []}}}, "aiculture/ai_learning/__init__.py": {"executed_lines": [1, 7, 17, 18, 20], "summary": {"covered_lines": 4, "num_statements": 4, "percent_covered": 100.0, "percent_covered_display": "100", "missing_lines": 0, "excluded_lines": 0}, "missing_lines": [], "excluded_lines": [], "functions": {"": {"executed_lines": [1, 7, 17, 18, 20], "summary": {"covered_lines": 4, "num_statements": 4, "percent_covered": 100.0, "percent_covered_display": "100", "missing_lines": 0, "excluded_lines": 0}, "missing_lines": [], "excluded_lines": []}}, "classes": {"": {"executed_lines": [1, 7, 17, 18, 20], "summary": {"covered_lines": 4, "num_statements": 4, "percent_covered": 100.0, "percent_covered_display": "100", "missing_lines": 0, "excluded_lines": 0}, "missing_lines": [], "excluded_lines": []}}}, "aiculture/ai_learning/code_analyzer.py": {"executed_lines": [1, 7, 8, 9, 10, 11, 12, 14, 23, 24, 26, 28, 29, 30, 31, 32, 35, 40, 42, 52, 54, 57, 61, 62, 65, 67, 69, 71, 72, 73, 75, 77, 79, 87, 88, 92, 93, 94, 96, 97, 99, 100, 102, 104, 106, 113, 115, 116, 117, 118, 120, 123, 124, 125, 126, 127, 128, 134, 135, 136, 141, 143, 145, 152, 154, 155, 156, 157, 159, 161, 162, 164, 165, 168, 169, 170, 172, 173, 174, 178, 180, 185, 187, 189, 198, 200, 201, 202, 203, 205, 207, 208, 209, 211, 212, 215, 216, 217, 219, 222, 223, 225, 226, 232, 233, 235, 236, 238, 240, 242, 249, 251, 252, 253, 254, 256, 258, 259, 260, 270, 274, 278, 280, 282, 284, 285, 287, 289, 296, 298, 306, 308, 342, 344, 346, 353, 354, 356, 387, 390], "summary": {"covered_lines": 138, "num_statements": 204, "percent_covered": 67.6470588235294, "percent_covered_display": "68", "missing_lines": 66, "excluded_lines": 0}, "missing_lines": [58, 63, 89, 129, 130, 131, 138, 139, 175, 182, 183, 218, 220, 228, 229, 261, 263, 264, 271, 275, 276, 286, 288, 290, 291, 292, 294, 309, 310, 311, 313, 315, 316, 317, 318, 320, 321, 323, 324, 326, 327, 329, 332, 333, 334, 336, 337, 339, 340, 357, 358, 359, 362, 367, 368, 371, 372, 374, 375, 378, 379, 380, 381, 383, 384, 388], "excluded_lines": [], "functions": {"CodeAnalyzer.__init__": {"executed_lines": [28, 29, 30, 31, 32, 35], "summary": {"covered_lines": 6, "num_statements": 6, "percent_covered": 100.0, "percent_covered_display": "100", "missing_lines": 0, "excluded_lines": 0}, "missing_lines": [], "excluded_lines": []}, "CodeAnalyzer.analyze_project": {"executed_lines": [42, 52], "summary": {"covered_lines": 2, "num_statements": 2, "percent_covered": 100.0, "percent_covered_display": "100", "missing_lines": 0, "excluded_lines": 0}, "missing_lines": [], "excluded_lines": []}, "CodeAnalyzer._should_skip_file": {"executed_lines": [57, 61, 62, 65], "summary": {"covered_lines": 4, "num_statements": 6, "percent_covered": 66.66666666666667, "percent_covered_display": "67", "missing_lines": 2, "excluded_lines": 0}, "missing_lines": [58, 63], "excluded_lines": []}, "CodeAnalyzer._get_python_files": {"executed_lines": [69, 71, 72, 73, 75], "summary": {"covered_lines": 5, "num_statements": 5, "percent_covered": 100.0, "percent_covered_display": "100", "missing_lines": 0, "excluded_lines": 0}, "missing_lines": [], "excluded_lines": []}, "CodeAnalyzer._analyze_structure": {"executed_lines": [79, 87, 88, 92, 93, 94, 96, 97, 99, 100, 102], "summary": {"covered_lines": 11, "num_statements": 12, "percent_covered": 91.66666666666667, "percent_covered_display": "92", "missing_lines": 1, "excluded_lines": 0}, "missing_lines": [89], "excluded_lines": []}, "CodeAnalyzer._analyze_naming": {"executed_lines": [106, 113, 115, 116, 117, 118, 120, 123, 124, 125, 126, 127, 128, 134, 135, 136, 141], "summary": {"covered_lines": 17, "num_statements": 22, "percent_covered": 77.27272727272727, "percent_covered_display": "77", "missing_lines": 5, "excluded_lines": 0}, "missing_lines": [129, 130, 131, 138, 139], "excluded_lines": []}, "CodeAnalyzer._analyze_style": {"executed_lines": [145, 152, 154, 155, 156, 157, 159, 161, 162, 164, 165, 168, 169, 170, 172, 173, 174, 178, 180, 185], "summary": {"covered_lines": 20, "num_statements": 23, "percent_covered": 86.95652173913044, "percent_covered_display": "87", "missing_lines": 3, "excluded_lines": 0}, "missing_lines": [175, 182, 183], "excluded_lines": []}, "CodeAnalyzer._analyze_documentation": {"executed_lines": [189, 198, 200, 201, 202, 203, 205, 207, 208, 209, 211, 212, 215, 216, 217, 219, 222, 223, 225, 226, 232, 233, 235, 236, 238], "summary": {"covered_lines": 25, "num_statements": 29, "percent_covered": 86.20689655172414, "percent_covered_display": "86", "missing_lines": 4, "excluded_lines": 0}, "missing_lines": [218, 220, 228, 229], "excluded_lines": []}, "CodeAnalyzer._analyze_complexity": {"executed_lines": [242, 249, 251, 252, 253, 254, 256, 258, 259, 260, 270, 274, 278], "summary": {"covered_lines": 13, "num_statements": 19, "percent_covered": 68.42105263157895, "percent_covered_display": "68", "missing_lines": 6, "excluded_lines": 0}, "missing_lines": [261, 263, 264, 271, 275, 276], "excluded_lines": []}, "CodeAnalyzer._calculate_cyclomatic_complexity": {"executed_lines": [282, 284, 285, 287, 289], "summary": {"covered_lines": 5, "num_statements": 11, "percent_covered": 45.45454545454545, "percent_covered_display": "45", "missing_lines": 6, "excluded_lines": 0}, "missing_lines": [286, 288, 290, 291, 292, 294], "excluded_lines": []}, "CodeAnalyzer._analyze_imports": {"executed_lines": [298, 306, 308, 342], "summary": {"covered_lines": 4, "num_statements": 26, "percent_covered": 15.384615384615385, "percent_covered_display": "15", "missing_lines": 22, "excluded_lines": 0}, "missing_lines": [309, 310, 311, 313, 315, 316, 317, 318, 320, 321, 323, 324, 326, 327, 329, 332, 333, 334, 336, 337, 339, 340], "excluded_lines": []}, "CodeAnalyzer._analyze_testing": {"executed_lines": [346, 353, 354, 356, 387, 390], "summary": {"covered_lines": 6, "num_statements": 23, "percent_covered": 26.08695652173913, "percent_covered_display": "26", "missing_lines": 17, "excluded_lines": 0}, "missing_lines": [357, 358, 359, 362, 367, 368, 371, 372, 374, 375, 378, 379, 380, 381, 383, 384, 388], "excluded_lines": []}, "": {"executed_lines": [1, 7, 8, 9, 10, 11, 12, 14, 23, 24, 26, 40, 54, 67, 77, 104, 143, 187, 240, 280, 296, 344], "summary": {"covered_lines": 20, "num_statements": 20, "percent_covered": 100.0, "percent_covered_display": "100", "missing_lines": 0, "excluded_lines": 0}, "missing_lines": [], "excluded_lines": []}}, "classes": {"CodeAnalyzer": {"executed_lines": [28, 29, 30, 31, 32, 35, 42, 52, 57, 61, 62, 65, 69, 71, 72, 73, 75, 79, 87, 88, 92, 93, 94, 96, 97, 99, 100, 102, 106, 113, 115, 116, 117, 118, 120, 123, 124, 125, 126, 127, 128, 134, 135, 136, 141, 145, 152, 154, 155, 156, 157, 159, 161, 162, 164, 165, 168, 169, 170, 172, 173, 174, 178, 180, 185, 189, 198, 200, 201, 202, 203, 205, 207, 208, 209, 211, 212, 215, 216, 217, 219, 222, 223, 225, 226, 232, 233, 235, 236, 238, 242, 249, 251, 252, 253, 254, 256, 258, 259, 260, 270, 274, 278, 282, 284, 285, 287, 289, 298, 306, 308, 342, 346, 353, 354, 356, 387, 390], "summary": {"covered_lines": 118, "num_statements": 184, "percent_covered": 64.1304347826087, "percent_covered_display": "64", "missing_lines": 66, "excluded_lines": 0}, "missing_lines": [58, 63, 89, 129, 130, 131, 138, 139, 175, 182, 183, 218, 220, 228, 229, 261, 263, 264, 271, 275, 276, 286, 288, 290, 291, 292, 294, 309, 310, 311, 313, 315, 316, 317, 318, 320, 321, 323, 324, 326, 327, 329, 332, 333, 334, 336, 337, 339, 340, 357, 358, 359, 362, 367, 368, 371, 372, 374, 375, 378, 379, 380, 381, 383, 384, 388], "excluded_lines": []}, "": {"executed_lines": [1, 7, 8, 9, 10, 11, 12, 14, 23, 24, 26, 40, 54, 67, 77, 104, 143, 187, 240, 280, 296, 344], "summary": {"covered_lines": 20, "num_statements": 20, "percent_covered": 100.0, "percent_covered_display": "100", "missing_lines": 0, "excluded_lines": 0}, "missing_lines": [], "excluded_lines": []}}}, "aiculture/ai_learning/learning_engine.py": {"executed_lines": [1, 7, 8, 9, 10, 11, 13, 14, 24, 25, 27, 29, 30, 31, 34, 41, 42, 43, 44, 46, 48, 51, 54, 57, 60, 63, 66, 68, 77, 78, 80, 82, 85, 86, 89, 94, 99, 100, 101, 104, 105, 106, 109, 110, 111, 114, 119, 121, 123, 124, 127, 128, 129, 130, 133, 134, 135, 136, 139, 140, 141, 145, 148, 149, 152, 153, 154, 155, 158, 159, 161, 163, 166, 167, 168, 171, 172, 173, 176, 177, 179, 181, 184, 188, 190, 196, 199, 205, 207, 209, 218, 238, 239, 242, 249, 251, 253, 256, 257, 258, 260, 265, 266, 267, 269, 274, 275, 276, 278, 283, 284, 285, 287, 288, 294, 296, 332], "summary": {"covered_lines": 115, "num_statements": 178, "percent_covered": 64.6067415730337, "percent_covered_display": "65", "missing_lines": 63, "excluded_lines": 0}, "missing_lines": [90, 91, 95, 96, 143, 144, 160, 162, 180, 182, 186, 200, 203, 219, 220, 221, 222, 224, 226, 227, 228, 230, 232, 233, 234, 235, 243, 244, 245, 247, 261, 262, 270, 271, 279, 280, 289, 290, 292, 298, 299, 301, 303, 304, 306, 325, 327, 329, 330, 334, 336, 337, 339, 340, 341, 344, 345, 346, 354, 356, 365, 367, 368], "excluded_lines": [], "functions": {"LearningEngine.__init__": {"executed_lines": [29, 30, 31, 34, 41, 42, 43, 44], "summary": {"covered_lines": 8, "num_statements": 8, "percent_covered": 100.0, "percent_covered_display": "100", "missing_lines": 0, "excluded_lines": 0}, "missing_lines": [], "excluded_lines": []}, "LearningEngine.learn_project_patterns": {"executed_lines": [48, 51, 54, 57, 60, 63, 66, 68, 77, 78], "summary": {"covered_lines": 10, "num_statements": 10, "percent_covered": 100.0, "percent_covered_display": "100", "missing_lines": 0, "excluded_lines": 0}, "missing_lines": [], "excluded_lines": []}, "LearningEngine._extract_patterns": {"executed_lines": [82, 85, 86, 89, 94, 99, 100, 101, 104, 105, 106, 109, 110, 111, 114, 119], "summary": {"covered_lines": 16, "num_statements": 20, "percent_covered": 80.0, "percent_covered_display": "80", "missing_lines": 4, "excluded_lines": 0}, "missing_lines": [90, 91, 95, 96], "excluded_lines": []}, "LearningEngine._assess_project_maturity": {"executed_lines": [123, 124, 127, 128, 129, 130, 133, 134, 135, 136, 139, 140, 141, 145, 148, 149, 152, 153, 154, 155, 158, 159, 161, 163, 166, 167, 168, 171, 172, 173, 176, 177, 179, 181, 184], "summary": {"covered_lines": 35, "num_statements": 42, "percent_covered": 83.33333333333333, "percent_covered_display": "83", "missing_lines": 7, "excluded_lines": 0}, "missing_lines": [143, 144, 160, 162, 180, 182, 186], "excluded_lines": []}, "LearningEngine._calculate_recommended_strictness": {"executed_lines": [190, 196, 199, 205], "summary": {"covered_lines": 4, "num_statements": 6, "percent_covered": 66.66666666666667, "percent_covered_display": "67", "missing_lines": 2, "excluded_lines": 0}, "missing_lines": [200, 203], "excluded_lines": []}, "LearningEngine._generate_custom_rules": {"executed_lines": [209, 218, 238, 239, 242, 249], "summary": {"covered_lines": 6, "num_statements": 23, "percent_covered": 26.08695652173913, "percent_covered_display": "26", "missing_lines": 17, "excluded_lines": 0}, "missing_lines": [219, 220, 221, 222, 224, 226, 227, 228, 230, 232, 233, 234, 235, 243, 244, 245, 247], "excluded_lines": []}, "LearningEngine._analyze_team_preferences": {"executed_lines": [253, 256, 257, 258, 260, 265, 266, 267, 269, 274, 275, 276, 278, 283, 284, 285, 287, 288, 294], "summary": {"covered_lines": 19, "num_statements": 28, "percent_covered": 67.85714285714286, "percent_covered_display": "68", "missing_lines": 9, "excluded_lines": 0}, "missing_lines": [261, 262, 270, 271, 279, 280, 289, 290, 292], "excluded_lines": []}, "LearningEngine.save_learning_result": {"executed_lines": [], "summary": {"covered_lines": 0, "num_statements": 10, "percent_covered": 0.0, "percent_covered_display": "0", "missing_lines": 10, "excluded_lines": 0}, "missing_lines": [298, 299, 301, 303, 304, 306, 325, 327, 329, 330], "excluded_lines": []}, "LearningEngine.load_learning_result": {"executed_lines": [], "summary": {"covered_lines": 0, "num_statements": 14, "percent_covered": 0.0, "percent_covered_display": "0", "missing_lines": 14, "excluded_lines": 0}, "missing_lines": [334, 336, 337, 339, 340, 341, 344, 345, 346, 354, 356, 365, 367, 368], "excluded_lines": []}, "": {"executed_lines": [1, 7, 8, 9, 10, 11, 13, 14, 24, 25, 27, 46, 80, 121, 188, 207, 251, 296, 332], "summary": {"covered_lines": 17, "num_statements": 17, "percent_covered": 100.0, "percent_covered_display": "100", "missing_lines": 0, "excluded_lines": 0}, "missing_lines": [], "excluded_lines": []}}, "classes": {"LearningEngine": {"executed_lines": [29, 30, 31, 34, 41, 42, 43, 44, 48, 51, 54, 57, 60, 63, 66, 68, 77, 78, 82, 85, 86, 89, 94, 99, 100, 101, 104, 105, 106, 109, 110, 111, 114, 119, 123, 124, 127, 128, 129, 130, 133, 134, 135, 136, 139, 140, 141, 145, 148, 149, 152, 153, 154, 155, 158, 159, 161, 163, 166, 167, 168, 171, 172, 173, 176, 177, 179, 181, 184, 190, 196, 199, 205, 209, 218, 238, 239, 242, 249, 253, 256, 257, 258, 260, 265, 266, 267, 269, 274, 275, 276, 278, 283, 284, 285, 287, 288, 294], "summary": {"covered_lines": 98, "num_statements": 161, "percent_covered": 60.869565217391305, "percent_covered_display": "61", "missing_lines": 63, "excluded_lines": 0}, "missing_lines": [90, 91, 95, 96, 143, 144, 160, 162, 180, 182, 186, 200, 203, 219, 220, 221, 222, 224, 226, 227, 228, 230, 232, 233, 234, 235, 243, 244, 245, 247, 261, 262, 270, 271, 279, 280, 289, 290, 292, 298, 299, 301, 303, 304, 306, 325, 327, 329, 330, 334, 336, 337, 339, 340, 341, 344, 345, 346, 354, 356, 365, 367, 368], "excluded_lines": []}, "": {"executed_lines": [1, 7, 8, 9, 10, 11, 13, 14, 24, 25, 27, 46, 80, 121, 188, 207, 251, 296, 332], "summary": {"covered_lines": 17, "num_statements": 17, "percent_covered": 100.0, "percent_covered_display": "100", "missing_lines": 0, "excluded_lines": 0}, "missing_lines": [], "excluded_lines": []}}}, "aiculture/ai_learning/pattern_types.py": {"executed_lines": [1, 7, 8, 11, 12, 13, 15, 16, 17, 18, 19, 20, 23, 24, 25, 27, 28, 29, 30, 31, 32, 35, 36, 38, 40, 41, 43, 47, 60, 71, 72, 74, 127, 131, 135, 140, 141, 143, 145, 148, 149, 152, 153, 155, 167, 168, 171, 182, 185, 186, 188, 190, 193, 194, 195, 196, 198, 221, 222, 223, 224, 226, 248, 251, 252, 254, 256, 259, 260, 261, 263, 280, 281, 283, 293], "summary": {"covered_lines": 67, "num_statements": 123, "percent_covered": 54.47154471544715, "percent_covered_display": "54", "missing_lines": 56, "excluded_lines": 1}, "missing_lines": [49, 50, 52, 55, 56, 58, 62, 63, 64, 65, 66, 67, 68, 76, 77, 79, 82, 83, 84, 86, 89, 90, 91, 92, 101, 102, 103, 104, 113, 114, 115, 116, 125, 129, 133, 137, 156, 157, 172, 173, 199, 200, 201, 210, 211, 227, 228, 229, 238, 239, 265, 266, 268, 269, 270, 284], "excluded_lines": [45], "functions": {"PatternAnalyzer.__init__": {"executed_lines": [40, 41], "summary": {"covered_lines": 2, "num_statements": 2, "percent_covered": 100.0, "percent_covered_display": "100", "missing_lines": 0, "excluded_lines": 0}, "missing_lines": [], "excluded_lines": []}, "PatternAnalyzer.analyze": {"executed_lines": [], "summary": {"covered_lines": 0, "num_statements": 0, "percent_covered": 100.0, "percent_covered_display": "100", "missing_lines": 0, "excluded_lines": 1}, "missing_lines": [], "excluded_lines": [45]}, "PatternAnalyzer._calculate_confidence": {"executed_lines": [], "summary": {"covered_lines": 0, "num_statements": 6, "percent_covered": 0.0, "percent_covered_display": "0", "missing_lines": 6, "excluded_lines": 0}, "missing_lines": [49, 50, 52, 55, 56, 58], "excluded_lines": []}, "PatternAnalyzer._extract_examples": {"executed_lines": [], "summary": {"covered_lines": 0, "num_statements": 7, "percent_covered": 0.0, "percent_covered_display": "0", "missing_lines": 7, "excluded_lines": 0}, "missing_lines": [62, 63, 64, 65, 66, 67, 68], "excluded_lines": []}, "NamingPatternAnalyzer.analyze": {"executed_lines": [], "summary": {"covered_lines": 0, "num_statements": 20, "percent_covered": 0.0, "percent_covered_display": "0", "missing_lines": 20, "excluded_lines": 0}, "missing_lines": [76, 77, 79, 82, 83, 84, 86, 89, 90, 91, 92, 101, 102, 103, 104, 113, 114, 115, 116, 125], "excluded_lines": []}, "NamingPatternAnalyzer._is_snake_case": {"executed_lines": [], "summary": {"covered_lines": 0, "num_statements": 1, "percent_covered": 0.0, "percent_covered_display": "0", "missing_lines": 1, "excluded_lines": 0}, "missing_lines": [129], "excluded_lines": []}, "NamingPatternAnalyzer._is_camel_case": {"executed_lines": [], "summary": {"covered_lines": 0, "num_statements": 1, "percent_covered": 0.0, "percent_covered_display": "0", "missing_lines": 1, "excluded_lines": 0}, "missing_lines": [133], "excluded_lines": []}, "NamingPatternAnalyzer._is_pascal_case": {"executed_lines": [], "summary": {"covered_lines": 0, "num_statements": 1, "percent_covered": 0.0, "percent_covered_display": "0", "missing_lines": 1, "excluded_lines": 0}, "missing_lines": [137], "excluded_lines": []}, "StructurePatternAnalyzer.analyze": {"executed_lines": [145, 148, 149, 152, 153, 155, 167, 168, 171, 182], "summary": {"covered_lines": 10, "num_statements": 14, "percent_covered": 71.42857142857143, "percent_covered_display": "71", "missing_lines": 4, "excluded_lines": 0}, "missing_lines": [156, 157, 172, 173], "excluded_lines": []}, "StylePatternAnalyzer.analyze": {"executed_lines": [190, 193, 194, 195, 196, 198, 221, 222, 223, 224, 226, 248], "summary": {"covered_lines": 12, "num_statements": 22, "percent_covered": 54.54545454545455, "percent_covered_display": "55", "missing_lines": 10, "excluded_lines": 0}, "missing_lines": [199, 200, 201, 210, 211, 227, 228, 229, 238, 239], "excluded_lines": []}, "DocumentationPatternAnalyzer.analyze": {"executed_lines": [256, 259, 260, 261, 263, 280, 281, 283, 293], "summary": {"covered_lines": 9, "num_statements": 15, "percent_covered": 60.0, "percent_covered_display": "60", "missing_lines": 6, "excluded_lines": 0}, "missing_lines": [265, 266, 268, 269, 270, 284], "excluded_lines": []}, "": {"executed_lines": [1, 7, 8, 11, 12, 13, 15, 16, 17, 18, 19, 20, 23, 24, 25, 27, 28, 29, 30, 31, 32, 35, 36, 38, 43, 47, 60, 71, 72, 74, 127, 131, 135, 140, 141, 143, 185, 186, 188, 251, 252, 254], "summary": {"covered_lines": 34, "num_statements": 34, "percent_covered": 100.0, "percent_covered_display": "100", "missing_lines": 0, "excluded_lines": 0}, "missing_lines": [], "excluded_lines": []}}, "classes": {"ProjectPattern": {"executed_lines": [], "summary": {"covered_lines": 0, "num_statements": 0, "percent_covered": 100.0, "percent_covered_display": "100", "missing_lines": 0, "excluded_lines": 0}, "missing_lines": [], "excluded_lines": []}, "LearningResult": {"executed_lines": [], "summary": {"covered_lines": 0, "num_statements": 0, "percent_covered": 100.0, "percent_covered_display": "100", "missing_lines": 0, "excluded_lines": 0}, "missing_lines": [], "excluded_lines": []}, "PatternAnalyzer": {"executed_lines": [40, 41], "summary": {"covered_lines": 2, "num_statements": 15, "percent_covered": 13.333333333333334, "percent_covered_display": "13", "missing_lines": 13, "excluded_lines": 1}, "missing_lines": [49, 50, 52, 55, 56, 58, 62, 63, 64, 65, 66, 67, 68], "excluded_lines": [45]}, "NamingPatternAnalyzer": {"executed_lines": [], "summary": {"covered_lines": 0, "num_statements": 23, "percent_covered": 0.0, "percent_covered_display": "0", "missing_lines": 23, "excluded_lines": 0}, "missing_lines": [76, 77, 79, 82, 83, 84, 86, 89, 90, 91, 92, 101, 102, 103, 104, 113, 114, 115, 116, 125, 129, 133, 137], "excluded_lines": []}, "StructurePatternAnalyzer": {"executed_lines": [145, 148, 149, 152, 153, 155, 167, 168, 171, 182], "summary": {"covered_lines": 10, "num_statements": 14, "percent_covered": 71.42857142857143, "percent_covered_display": "71", "missing_lines": 4, "excluded_lines": 0}, "missing_lines": [156, 157, 172, 173], "excluded_lines": []}, "StylePatternAnalyzer": {"executed_lines": [190, 193, 194, 195, 196, 198, 221, 222, 223, 224, 226, 248], "summary": {"covered_lines": 12, "num_statements": 22, "percent_covered": 54.54545454545455, "percent_covered_display": "55", "missing_lines": 10, "excluded_lines": 0}, "missing_lines": [199, 200, 201, 210, 211, 227, 228, 229, 238, 239], "excluded_lines": []}, "DocumentationPatternAnalyzer": {"executed_lines": [256, 259, 260, 261, 263, 280, 281, 283, 293], "summary": {"covered_lines": 9, "num_statements": 15, "percent_covered": 60.0, "percent_covered_display": "60", "missing_lines": 6, "excluded_lines": 0}, "missing_lines": [265, 266, 268, 269, 270, 284], "excluded_lines": []}, "": {"executed_lines": [1, 7, 8, 11, 12, 13, 15, 16, 17, 18, 19, 20, 23, 24, 25, 27, 28, 29, 30, 31, 32, 35, 36, 38, 43, 47, 60, 71, 72, 74, 127, 131, 135, 140, 141, 143, 185, 186, 188, 251, 252, 254], "summary": {"covered_lines": 34, "num_statements": 34, "percent_covered": 100.0, "percent_covered_display": "100", "missing_lines": 0, "excluded_lines": 0}, "missing_lines": [], "excluded_lines": []}}}, "aiculture/ai_learning_system.py": {"executed_lines": [1, 13, 14, 15, 16, 17, 19, 27, 28, 30, 32, 33, 34, 35, 37, 42, 43, 45, 47, 48, 49, 50, 53, 59, 61, 64, 65, 67, 73, 77, 87, 93, 103], "summary": {"covered_lines": 29, "num_statements": 46, "percent_covered": 63.04347826086956, "percent_covered_display": "63", "missing_lines": 17, "excluded_lines": 0}, "missing_lines": [39, 69, 70, 71, 75, 80, 81, 82, 83, 84, 89, 90, 95, 96, 97, 98, 99], "excluded_lines": [], "functions": {"ProjectAnalyzer.__init__": {"executed_lines": [32, 33, 34, 35], "summary": {"covered_lines": 4, "num_statements": 4, "percent_covered": 100.0, "percent_covered_display": "100", "missing_lines": 0, "excluded_lines": 0}, "missing_lines": [], "excluded_lines": []}, "ProjectAnalyzer.analyze_project": {"executed_lines": [], "summary": {"covered_lines": 0, "num_statements": 1, "percent_covered": 0.0, "percent_covered_display": "0", "missing_lines": 1, "excluded_lines": 0}, "missing_lines": [39], "excluded_lines": []}, "AILearningEngine.__init__": {"executed_lines": [47, 48, 49, 50, 53], "summary": {"covered_lines": 5, "num_statements": 5, "percent_covered": 100.0, "percent_covered_display": "100", "missing_lines": 0, "excluded_lines": 0}, "missing_lines": [], "excluded_lines": []}, "AILearningEngine.learn_project_patterns": {"executed_lines": [61], "summary": {"covered_lines": 1, "num_statements": 1, "percent_covered": 100.0, "percent_covered_display": "100", "missing_lines": 0, "excluded_lines": 0}, "missing_lines": [], "excluded_lines": []}, "AdaptiveStrictnessManager.__init__": {"executed_lines": [], "summary": {"covered_lines": 0, "num_statements": 3, "percent_covered": 0.0, "percent_covered_display": "0", "missing_lines": 3, "excluded_lines": 0}, "missing_lines": [69, 70, 71], "excluded_lines": []}, "AdaptiveStrictnessManager.calculate_strictness": {"executed_lines": [], "summary": {"covered_lines": 0, "num_statements": 1, "percent_covered": 0.0, "percent_covered_display": "0", "missing_lines": 1, "excluded_lines": 0}, "missing_lines": [75], "excluded_lines": []}, "AdaptiveStrictnessManager.adjust_strictness_based_on_feedback": {"executed_lines": [], "summary": {"covered_lines": 0, "num_statements": 5, "percent_covered": 0.0, "percent_covered_display": "0", "missing_lines": 5, "excluded_lines": 0}, "missing_lines": [80, 81, 82, 83, 84], "excluded_lines": []}, "save_learning_result": {"executed_lines": [], "summary": {"covered_lines": 0, "num_statements": 2, "percent_covered": 0.0, "percent_covered_display": "0", "missing_lines": 2, "excluded_lines": 0}, "missing_lines": [89, 90], "excluded_lines": []}, "load_learning_result": {"executed_lines": [], "summary": {"covered_lines": 0, "num_statements": 5, "percent_covered": 0.0, "percent_covered_display": "0", "missing_lines": 5, "excluded_lines": 0}, "missing_lines": [95, 96, 97, 98, 99], "excluded_lines": []}, "": {"executed_lines": [1, 13, 14, 15, 16, 17, 19, 27, 28, 30, 37, 42, 43, 45, 59, 64, 65, 67, 73, 77, 87, 93, 103], "summary": {"covered_lines": 19, "num_statements": 19, "percent_covered": 100.0, "percent_covered_display": "100", "missing_lines": 0, "excluded_lines": 0}, "missing_lines": [], "excluded_lines": []}}, "classes": {"ProjectAnalyzer": {"executed_lines": [32, 33, 34, 35], "summary": {"covered_lines": 4, "num_statements": 5, "percent_covered": 80.0, "percent_covered_display": "80", "missing_lines": 1, "excluded_lines": 0}, "missing_lines": [39], "excluded_lines": []}, "AILearningEngine": {"executed_lines": [47, 48, 49, 50, 53, 61], "summary": {"covered_lines": 6, "num_statements": 6, "percent_covered": 100.0, "percent_covered_display": "100", "missing_lines": 0, "excluded_lines": 0}, "missing_lines": [], "excluded_lines": []}, "AdaptiveStrictnessManager": {"executed_lines": [], "summary": {"covered_lines": 0, "num_statements": 9, "percent_covered": 0.0, "percent_covered_display": "0", "missing_lines": 9, "excluded_lines": 0}, "missing_lines": [69, 70, 71, 75, 80, 81, 82, 83, 84], "excluded_lines": []}, "": {"executed_lines": [1, 13, 14, 15, 16, 17, 19, 27, 28, 30, 37, 42, 43, 45, 59, 64, 65, 67, 73, 77, 87, 93, 103], "summary": {"covered_lines": 19, "num_statements": 26, "percent_covered": 73.07692307692308, "percent_covered_display": "73", "missing_lines": 7, "excluded_lines": 0}, "missing_lines": [89, 90, 95, 96, 97, 98, 99], "excluded_lines": []}}}, "aiculture/alerting_rules.py": {"executed_lines": [1, 12, 13, 14, 15, 16, 18, 21, 24, 25, 27, 28, 29, 32, 33, 35, 36, 37, 40, 41, 42, 44, 45, 46, 47, 48, 49, 50, 51, 52, 55, 56, 57, 59, 60, 61, 62, 63, 64, 65, 66, 69, 70, 71, 73, 74, 75, 76, 77, 80, 81, 83, 97, 220, 241, 274, 279, 285, 290, 333, 358, 370, 392, 409, 413, 417, 421, 425, 430, 450, 466, 496], "summary": {"covered_lines": 64, "num_statements": 198, "percent_covered": 32.323232323232325, "percent_covered_display": "32", "missing_lines": 134, "excluded_lines": 16}, "missing_lines": [85, 86, 87, 89, 90, 91, 92, 94, 95, 99, 218, 222, 223, 224, 225, 226, 229, 230, 231, 234, 235, 236, 238, 239, 243, 270, 271, 272, 276, 277, 281, 282, 283, 287, 288, 292, 294, 295, 296, 299, 301, 303, 305, 315, 316, 317, 320, 322, 324, 325, 326, 329, 331, 336, 337, 339, 340, 341, 342, 343, 344, 345, 346, 347, 348, 349, 350, 351, 352, 353, 354, 356, 360, 363, 364, 366, 368, 372, 373, 374, 376, 377, 379, 380, 381, 382, 383, 384, 385, 386, 387, 389, 390, 394, 395, 397, 411, 415, 419, 423, 427, 428, 432, 434, 435, 436, 438, 446, 448, 453, 454, 455, 456, 459, 460, 461, 462, 464, 468, 470, 471, 474, 475, 476, 477, 478, 479, 482, 483, 486, 487, 489, 490, 492], "excluded_lines": [496, 498, 501, 507, 510, 522, 523, 526, 527, 530, 531, 532, 533, 534, 537, 538], "functions": {"AlertingRulesManager.__init__": {"executed_lines": [], "summary": {"covered_lines": 0, "num_statements": 9, "percent_covered": 0.0, "percent_covered_display": "0", "missing_lines": 9, "excluded_lines": 0}, "missing_lines": [85, 86, 87, 89, 90, 91, 92, 94, 95], "excluded_lines": []}, "AlertingRulesManager._load_default_rules": {"executed_lines": [], "summary": {"covered_lines": 0, "num_statements": 2, "percent_covered": 0.0, "percent_covered_display": "0", "missing_lines": 2, "excluded_lines": 0}, "missing_lines": [99, 218], "excluded_lines": []}, "AlertingRulesManager._load_config": {"executed_lines": [], "summary": {"covered_lines": 0, "num_statements": 13, "percent_covered": 0.0, "percent_covered_display": "0", "missing_lines": 13, "excluded_lines": 0}, "missing_lines": [222, 223, 224, 225, 226, 229, 230, 231, 234, 235, 236, 238, 239], "excluded_lines": []}, "AlertingRulesManager._save_config": {"executed_lines": [], "summary": {"covered_lines": 0, "num_statements": 4, "percent_covered": 0.0, "percent_covered_display": "0", "missing_lines": 4, "excluded_lines": 0}, "missing_lines": [243, 270, 271, 272], "excluded_lines": []}, "AlertingRulesManager.add_rule": {"executed_lines": [], "summary": {"covered_lines": 0, "num_statements": 2, "percent_covered": 0.0, "percent_covered_display": "0", "missing_lines": 2, "excluded_lines": 0}, "missing_lines": [276, 277], "excluded_lines": []}, "AlertingRulesManager.remove_rule": {"executed_lines": [], "summary": {"covered_lines": 0, "num_statements": 3, "percent_covered": 0.0, "percent_covered_display": "0", "missing_lines": 3, "excluded_lines": 0}, "missing_lines": [281, 282, 283], "excluded_lines": []}, "AlertingRulesManager.add_notification_channel": {"executed_lines": [], "summary": {"covered_lines": 0, "num_statements": 2, "percent_covered": 0.0, "percent_covered_display": "0", "missing_lines": 2, "excluded_lines": 0}, "missing_lines": [287, 288], "excluded_lines": []}, "AlertingRulesManager.evaluate_rules": {"executed_lines": [], "summary": {"covered_lines": 0, "num_statements": 18, "percent_covered": 0.0, "percent_covered_display": "0", "missing_lines": 18, "excluded_lines": 0}, "missing_lines": [292, 294, 295, 296, 299, 301, 303, 305, 315, 316, 317, 320, 322, 324, 325, 326, 329, 331], "excluded_lines": []}, "AlertingRulesManager._evaluate_condition": {"executed_lines": [], "summary": {"covered_lines": 0, "num_statements": 19, "percent_covered": 0.0, "percent_covered_display": "0", "missing_lines": 19, "excluded_lines": 0}, "missing_lines": [336, 337, 339, 340, 341, 342, 343, 344, 345, 346, 347, 348, 349, 350, 351, 352, 353, 354, 356], "excluded_lines": []}, "AlertingRulesManager._format_message": {"executed_lines": [], "summary": {"covered_lines": 0, "num_statements": 5, "percent_covered": 0.0, "percent_covered_display": "0", "missing_lines": 5, "excluded_lines": 0}, "missing_lines": [360, 363, 364, 366, 368], "excluded_lines": []}, "AlertingRulesManager._send_notifications": {"executed_lines": [], "summary": {"covered_lines": 0, "num_statements": 16, "percent_covered": 0.0, "percent_covered_display": "0", "missing_lines": 16, "excluded_lines": 0}, "missing_lines": [372, 373, 374, 376, 377, 379, 380, 381, 382, 383, 384, 385, 386, 387, 389, 390], "excluded_lines": []}, "AlertingRulesManager._send_console_notification": {"executed_lines": [], "summary": {"covered_lines": 0, "num_statements": 3, "percent_covered": 0.0, "percent_covered_display": "0", "missing_lines": 3, "excluded_lines": 0}, "missing_lines": [394, 395, 397], "excluded_lines": []}, "AlertingRulesManager._send_email_notification": {"executed_lines": [], "summary": {"covered_lines": 0, "num_statements": 1, "percent_covered": 0.0, "percent_covered_display": "0", "missing_lines": 1, "excluded_lines": 0}, "missing_lines": [411], "excluded_lines": []}, "AlertingRulesManager._send_slack_notification": {"executed_lines": [], "summary": {"covered_lines": 0, "num_statements": 1, "percent_covered": 0.0, "percent_covered_display": "0", "missing_lines": 1, "excluded_lines": 0}, "missing_lines": [415], "excluded_lines": []}, "AlertingRulesManager._send_webhook_notification": {"executed_lines": [], "summary": {"covered_lines": 0, "num_statements": 1, "percent_covered": 0.0, "percent_covered_display": "0", "missing_lines": 1, "excluded_lines": 0}, "missing_lines": [419], "excluded_lines": []}, "AlertingRulesManager.get_active_alerts": {"executed_lines": [], "summary": {"covered_lines": 0, "num_statements": 1, "percent_covered": 0.0, "percent_covered_display": "0", "missing_lines": 1, "excluded_lines": 0}, "missing_lines": [423], "excluded_lines": []}, "AlertingRulesManager.get_alert_history": {"executed_lines": [], "summary": {"covered_lines": 0, "num_statements": 2, "percent_covered": 0.0, "percent_covered_display": "0", "missing_lines": 2, "excluded_lines": 0}, "missing_lines": [427, 428], "excluded_lines": []}, "AlertingRulesManager.generate_prometheus_rules": {"executed_lines": [], "summary": {"covered_lines": 0, "num_statements": 7, "percent_covered": 0.0, "percent_covered_display": "0", "missing_lines": 7, "excluded_lines": 0}, "missing_lines": [432, 434, 435, 436, 438, 446, 448], "excluded_lines": []}, "AlertingRulesManager._convert_to_prometheus_expr": {"executed_lines": [], "summary": {"covered_lines": 0, "num_statements": 9, "percent_covered": 0.0, "percent_covered_display": "0", "missing_lines": 9, "excluded_lines": 0}, "missing_lines": [453, 454, 455, 456, 459, 460, 461, 462, 464], "excluded_lines": []}, "AlertingRulesManager.validate_rules": {"executed_lines": [], "summary": {"covered_lines": 0, "num_statements": 16, "percent_covered": 0.0, "percent_covered_display": "0", "missing_lines": 16, "excluded_lines": 0}, "missing_lines": [468, 470, 471, 474, 475, 476, 477, 478, 479, 482, 483, 486, 487, 489, 490, 492], "excluded_lines": []}, "": {"executed_lines": [1, 12, 13, 14, 15, 16, 18, 21, 24, 25, 27, 28, 29, 32, 33, 35, 36, 37, 40, 41, 42, 44, 45, 46, 47, 48, 49, 50, 51, 52, 55, 56, 57, 59, 60, 61, 62, 63, 64, 65, 66, 69, 70, 71, 73, 74, 75, 76, 77, 80, 81, 83, 97, 220, 241, 274, 279, 285, 290, 333, 358, 370, 392, 409, 413, 417, 421, 425, 430, 450, 466, 496], "summary": {"covered_lines": 64, "num_statements": 64, "percent_covered": 100.0, "percent_covered_display": "100", "missing_lines": 0, "excluded_lines": 16}, "missing_lines": [], "excluded_lines": [496, 498, 501, 507, 510, 522, 523, 526, 527, 530, 531, 532, 533, 534, 537, 538]}}, "classes": {"AlertSeverity": {"executed_lines": [], "summary": {"covered_lines": 0, "num_statements": 0, "percent_covered": 100.0, "percent_covered_display": "100", "missing_lines": 0, "excluded_lines": 0}, "missing_lines": [], "excluded_lines": []}, "AlertStatus": {"executed_lines": [], "summary": {"covered_lines": 0, "num_statements": 0, "percent_covered": 100.0, "percent_covered_display": "100", "missing_lines": 0, "excluded_lines": 0}, "missing_lines": [], "excluded_lines": []}, "AlertRule": {"executed_lines": [], "summary": {"covered_lines": 0, "num_statements": 0, "percent_covered": 100.0, "percent_covered_display": "100", "missing_lines": 0, "excluded_lines": 0}, "missing_lines": [], "excluded_lines": []}, "Alert": {"executed_lines": [], "summary": {"covered_lines": 0, "num_statements": 0, "percent_covered": 100.0, "percent_covered_display": "100", "missing_lines": 0, "excluded_lines": 0}, "missing_lines": [], "excluded_lines": []}, "NotificationChannel": {"executed_lines": [], "summary": {"covered_lines": 0, "num_statements": 0, "percent_covered": 100.0, "percent_covered_display": "100", "missing_lines": 0, "excluded_lines": 0}, "missing_lines": [], "excluded_lines": []}, "AlertingRulesManager": {"executed_lines": [], "summary": {"covered_lines": 0, "num_statements": 134, "percent_covered": 0.0, "percent_covered_display": "0", "missing_lines": 134, "excluded_lines": 0}, "missing_lines": [85, 86, 87, 89, 90, 91, 92, 94, 95, 99, 218, 222, 223, 224, 225, 226, 229, 230, 231, 234, 235, 236, 238, 239, 243, 270, 271, 272, 276, 277, 281, 282, 283, 287, 288, 292, 294, 295, 296, 299, 301, 303, 305, 315, 316, 317, 320, 322, 324, 325, 326, 329, 331, 336, 337, 339, 340, 341, 342, 343, 344, 345, 346, 347, 348, 349, 350, 351, 352, 353, 354, 356, 360, 363, 364, 366, 368, 372, 373, 374, 376, 377, 379, 380, 381, 382, 383, 384, 385, 386, 387, 389, 390, 394, 395, 397, 411, 415, 419, 423, 427, 428, 432, 434, 435, 436, 438, 446, 448, 453, 454, 455, 456, 459, 460, 461, 462, 464, 468, 470, 471, 474, 475, 476, 477, 478, 479, 482, 483, 486, 487, 489, 490, 492], "excluded_lines": []}, "": {"executed_lines": [1, 12, 13, 14, 15, 16, 18, 21, 24, 25, 27, 28, 29, 32, 33, 35, 36, 37, 40, 41, 42, 44, 45, 46, 47, 48, 49, 50, 51, 52, 55, 56, 57, 59, 60, 61, 62, 63, 64, 65, 66, 69, 70, 71, 73, 74, 75, 76, 77, 80, 81, 83, 97, 220, 241, 274, 279, 285, 290, 333, 358, 370, 392, 409, 413, 417, 421, 425, 430, 450, 466, 496], "summary": {"covered_lines": 64, "num_statements": 64, "percent_covered": 100.0, "percent_covered_display": "100", "missing_lines": 0, "excluded_lines": 16}, "missing_lines": [], "excluded_lines": [496, 498, 501, 507, 510, 522, 523, 526, 527, 530, 531, 532, 533, 534, 537, 538]}}}, "aiculture/auto_setup.py": {"executed_lines": [1, 3, 9, 11, 12, 15, 16, 18, 23, 51, 87, 139, 146, 183, 202, 259, 311, 355], "summary": {"covered_lines": 17, "num_statements": 80, "percent_covered": 21.25, "percent_covered_display": "21", "missing_lines": 63, "excluded_lines": 0}, "missing_lines": [20, 21, 25, 27, 30, 33, 36, 39, 42, 44, 45, 47, 48, 49, 53, 56, 59, 60, 89, 121, 122, 123, 126, 141, 142, 143, 144, 149, 174, 175, 176, 177, 179, 180, 181, 186, 198, 199, 200, 204, 205, 207, 208, 255, 256, 257, 262, 287, 288, 289, 290, 293, 294, 306, 307, 308, 309, 313, 350, 351, 352, 357, 358], "excluded_lines": [], "functions": {"AutoCultureSetup.__init__": {"executed_lines": [], "summary": {"covered_lines": 0, "num_statements": 2, "percent_covered": 0.0, "percent_covered_display": "0", "missing_lines": 2, "excluded_lines": 0}, "missing_lines": [20, 21], "excluded_lines": []}, "AutoCultureSetup.setup_complete_culture": {"executed_lines": [], "summary": {"covered_lines": 0, "num_statements": 12, "percent_covered": 0.0, "percent_covered_display": "0", "missing_lines": 12, "excluded_lines": 0}, "missing_lines": [25, 27, 30, 33, 36, 39, 42, 44, 45, 47, 48, 49], "excluded_lines": []}, "AutoCultureSetup._create_culture_config": {"executed_lines": [], "summary": {"covered_lines": 0, "num_statements": 4, "percent_covered": 0.0, "percent_covered_display": "0", "missing_lines": 4, "excluded_lines": 0}, "missing_lines": [53, 56, 59, 60], "excluded_lines": []}, "AutoCultureSetup._create_ai_guidelines": {"executed_lines": [], "summary": {"covered_lines": 0, "num_statements": 5, "percent_covered": 0.0, "percent_covered_display": "0", "missing_lines": 5, "excluded_lines": 0}, "missing_lines": [89, 121, 122, 123, 126], "excluded_lines": []}, "AutoCultureSetup._setup_quality_tools": {"executed_lines": [], "summary": {"covered_lines": 0, "num_statements": 4, "percent_covered": 0.0, "percent_covered_display": "0", "missing_lines": 4, "excluded_lines": 0}, "missing_lines": [141, 142, 143, 144], "excluded_lines": []}, "AutoCultureSetup._setup_python_quality_tools": {"executed_lines": [], "summary": {"covered_lines": 0, "num_statements": 8, "percent_covered": 0.0, "percent_covered_display": "0", "missing_lines": 8, "excluded_lines": 0}, "missing_lines": [149, 174, 175, 176, 177, 179, 180, 181], "excluded_lines": []}, "AutoCultureSetup._setup_js_quality_tools": {"executed_lines": [], "summary": {"covered_lines": 0, "num_statements": 4, "percent_covered": 0.0, "percent_covered_display": "0", "missing_lines": 4, "excluded_lines": 0}, "missing_lines": [186, 198, 199, 200], "excluded_lines": []}, "AutoCultureSetup._setup_cicd": {"executed_lines": [], "summary": {"covered_lines": 0, "num_statements": 7, "percent_covered": 0.0, "percent_covered_display": "0", "missing_lines": 7, "excluded_lines": 0}, "missing_lines": [204, 205, 207, 208, 255, 256, 257], "excluded_lines": []}, "AutoCultureSetup._create_template_files": {"executed_lines": [], "summary": {"covered_lines": 0, "num_statements": 11, "percent_covered": 0.0, "percent_covered_display": "0", "missing_lines": 11, "excluded_lines": 0}, "missing_lines": [262, 287, 288, 289, 290, 293, 294, 306, 307, 308, 309], "excluded_lines": []}, "AutoCultureSetup._setup_precommit_hooks": {"executed_lines": [], "summary": {"covered_lines": 0, "num_statements": 4, "percent_covered": 0.0, "percent_covered_display": "0", "missing_lines": 4, "excluded_lines": 0}, "missing_lines": [313, 350, 351, 352], "excluded_lines": []}, "setup_ai_culture": {"executed_lines": [], "summary": {"covered_lines": 0, "num_statements": 2, "percent_covered": 0.0, "percent_covered_display": "0", "missing_lines": 2, "excluded_lines": 0}, "missing_lines": [357, 358], "excluded_lines": []}, "": {"executed_lines": [1, 3, 9, 11, 12, 15, 16, 18, 23, 51, 87, 139, 146, 183, 202, 259, 311, 355], "summary": {"covered_lines": 17, "num_statements": 17, "percent_covered": 100.0, "percent_covered_display": "100", "missing_lines": 0, "excluded_lines": 0}, "missing_lines": [], "excluded_lines": []}}, "classes": {"AutoCultureSetup": {"executed_lines": [], "summary": {"covered_lines": 0, "num_statements": 61, "percent_covered": 0.0, "percent_covered_display": "0", "missing_lines": 61, "excluded_lines": 0}, "missing_lines": [20, 21, 25, 27, 30, 33, 36, 39, 42, 44, 45, 47, 48, 49, 53, 56, 59, 60, 89, 121, 122, 123, 126, 141, 142, 143, 144, 149, 174, 175, 176, 177, 179, 180, 181, 186, 198, 199, 200, 204, 205, 207, 208, 255, 256, 257, 262, 287, 288, 289, 290, 293, 294, 306, 307, 308, 309, 313, 350, 351, 352], "excluded_lines": []}, "": {"executed_lines": [1, 3, 9, 11, 12, 15, 16, 18, 23, 51, 87, 139, 146, 183, 202, 259, 311, 355], "summary": {"covered_lines": 17, "num_statements": 19, "percent_covered": 89.47368421052632, "percent_covered_display": "89", "missing_lines": 2, "excluded_lines": 0}, "missing_lines": [357, 358], "excluded_lines": []}}}, "aiculture/cache_manager.py": {"executed_lines": [1, 5, 6, 7, 8, 9, 10, 13, 17, 20, 21, 22, 24, 25, 26, 27, 30, 31, 33, 47, 48, 52, 61, 77, 86, 99, 114, 143, 163, 179, 197, 198, 200, 206, 216, 225, 244, 250], "summary": {"covered_lines": 34, "num_statements": 142, "percent_covered": 23.943661971830984, "percent_covered_display": "24", "missing_lines": 108, "excluded_lines": 0}, "missing_lines": [35, 36, 37, 40, 41, 42, 45, 50, 54, 55, 56, 57, 58, 59, 63, 66, 67, 68, 69, 72, 73, 75, 79, 81, 82, 84, 88, 90, 97, 101, 102, 103, 104, 107, 108, 110, 112, 116, 118, 119, 121, 122, 125, 127, 128, 131, 132, 133, 136, 137, 139, 141, 145, 147, 149, 151, 152, 153, 155, 156, 157, 158, 159, 161, 165, 168, 173, 174, 175, 176, 177, 181, 182, 184, 185, 186, 188, 202, 203, 204, 208, 209, 210, 211, 212, 213, 214, 218, 219, 220, 221, 222, 223, 227, 229, 231, 234, 237, 238, 239, 240, 242, 246, 248, 252, 254, 255, 258], "excluded_lines": [], "functions": {"SmartCacheManager.__init__": {"executed_lines": [], "summary": {"covered_lines": 0, "num_statements": 7, "percent_covered": 0.0, "percent_covered_display": "0", "missing_lines": 7, "excluded_lines": 0}, "missing_lines": [35, 36, 37, 40, 41, 42, 45], "excluded_lines": []}, "SmartCacheManager.cache_data": {"executed_lines": [], "summary": {"covered_lines": 0, "num_statements": 1, "percent_covered": 0.0, "percent_covered_display": "0", "missing_lines": 1, "excluded_lines": 0}, "missing_lines": [50], "excluded_lines": []}, "SmartCacheManager.get_file_hash": {"executed_lines": [], "summary": {"covered_lines": 0, "num_statements": 6, "percent_covered": 0.0, "percent_covered_display": "0", "missing_lines": 6, "excluded_lines": 0}, "missing_lines": [54, 55, 56, 57, 58, 59], "excluded_lines": []}, "SmartCacheManager.is_file_cached": {"executed_lines": [], "summary": {"covered_lines": 0, "num_statements": 8, "percent_covered": 0.0, "percent_covered_display": "0", "missing_lines": 8, "excluded_lines": 0}, "missing_lines": [63, 66, 67, 68, 69, 72, 73, 75], "excluded_lines": []}, "SmartCacheManager.get_cached_violations": {"executed_lines": [], "summary": {"covered_lines": 0, "num_statements": 4, "percent_covered": 0.0, "percent_covered_display": "0", "missing_lines": 4, "excluded_lines": 0}, "missing_lines": [79, 81, 82, 84], "excluded_lines": []}, "SmartCacheManager.cache_file_violations": {"executed_lines": [], "summary": {"covered_lines": 0, "num_statements": 3, "percent_covered": 0.0, "percent_covered_display": "0", "missing_lines": 3, "excluded_lines": 0}, "missing_lines": [88, 90, 97], "excluded_lines": []}, "SmartCacheManager.load_cache": {"executed_lines": [], "summary": {"covered_lines": 0, "num_statements": 8, "percent_covered": 0.0, "percent_covered_display": "0", "missing_lines": 8, "excluded_lines": 0}, "missing_lines": [101, 102, 103, 104, 107, 108, 110, 112], "excluded_lines": []}, "SmartCacheManager.save_cache": {"executed_lines": [], "summary": {"covered_lines": 0, "num_statements": 15, "percent_covered": 0.0, "percent_covered_display": "0", "missing_lines": 15, "excluded_lines": 0}, "missing_lines": [116, 118, 119, 121, 122, 125, 127, 128, 131, 132, 133, 136, 137, 139, 141], "excluded_lines": []}, "SmartCacheManager.get_changed_files": {"executed_lines": [], "summary": {"covered_lines": 0, "num_statements": 12, "percent_covered": 0.0, "percent_covered_display": "0", "missing_lines": 12, "excluded_lines": 0}, "missing_lines": [145, 147, 149, 151, 152, 153, 155, 156, 157, 158, 159, 161], "excluded_lines": []}, "SmartCacheManager.clear_cache": {"executed_lines": [], "summary": {"covered_lines": 0, "num_statements": 7, "percent_covered": 0.0, "percent_covered_display": "0", "missing_lines": 7, "excluded_lines": 0}, "missing_lines": [165, 168, 173, 174, 175, 176, 177], "excluded_lines": []}, "SmartCacheManager.get_cache_stats": {"executed_lines": [], "summary": {"covered_lines": 0, "num_statements": 6, "percent_covered": 0.0, "percent_covered_display": "0", "missing_lines": 6, "excluded_lines": 0}, "missing_lines": [181, 182, 184, 185, 186, 188], "excluded_lines": []}, "IncrementalChecker.__init__": {"executed_lines": [], "summary": {"covered_lines": 0, "num_statements": 3, "percent_covered": 0.0, "percent_covered_display": "0", "missing_lines": 3, "excluded_lines": 0}, "missing_lines": [202, 203, 204], "excluded_lines": []}, "IncrementalChecker.get_last_check_timestamp": {"executed_lines": [], "summary": {"covered_lines": 0, "num_statements": 7, "percent_covered": 0.0, "percent_covered_display": "0", "missing_lines": 7, "excluded_lines": 0}, "missing_lines": [208, 209, 210, 211, 212, 213, 214], "excluded_lines": []}, "IncrementalChecker.update_last_check_timestamp": {"executed_lines": [], "summary": {"covered_lines": 0, "num_statements": 6, "percent_covered": 0.0, "percent_covered_display": "0", "missing_lines": 6, "excluded_lines": 0}, "missing_lines": [218, 219, 220, 221, 222, 223], "excluded_lines": []}, "IncrementalChecker.get_files_to_check": {"executed_lines": [], "summary": {"covered_lines": 0, "num_statements": 9, "percent_covered": 0.0, "percent_covered_display": "0", "missing_lines": 9, "excluded_lines": 0}, "missing_lines": [227, 229, 231, 234, 237, 238, 239, 240, 242], "excluded_lines": []}, "IncrementalChecker._get_current_timestamp": {"executed_lines": [], "summary": {"covered_lines": 0, "num_statements": 2, "percent_covered": 0.0, "percent_covered_display": "0", "missing_lines": 2, "excluded_lines": 0}, "missing_lines": [246, 248], "excluded_lines": []}, "IncrementalChecker.should_force_full_check": {"executed_lines": [], "summary": {"covered_lines": 0, "num_statements": 4, "percent_covered": 0.0, "percent_covered_display": "0", "missing_lines": 4, "excluded_lines": 0}, "missing_lines": [252, 254, 255, 258], "excluded_lines": []}, "": {"executed_lines": [1, 5, 6, 7, 8, 9, 10, 13, 17, 20, 21, 22, 24, 25, 26, 27, 30, 31, 33, 47, 48, 52, 61, 77, 86, 99, 114, 143, 163, 179, 197, 198, 200, 206, 216, 225, 244, 250], "summary": {"covered_lines": 34, "num_statements": 34, "percent_covered": 100.0, "percent_covered_display": "100", "missing_lines": 0, "excluded_lines": 0}, "missing_lines": [], "excluded_lines": []}}, "classes": {"CacheEntry": {"executed_lines": [], "summary": {"covered_lines": 0, "num_statements": 0, "percent_covered": 100.0, "percent_covered_display": "100", "missing_lines": 0, "excluded_lines": 0}, "missing_lines": [], "excluded_lines": []}, "SmartCacheManager": {"executed_lines": [], "summary": {"covered_lines": 0, "num_statements": 77, "percent_covered": 0.0, "percent_covered_display": "0", "missing_lines": 77, "excluded_lines": 0}, "missing_lines": [35, 36, 37, 40, 41, 42, 45, 50, 54, 55, 56, 57, 58, 59, 63, 66, 67, 68, 69, 72, 73, 75, 79, 81, 82, 84, 88, 90, 97, 101, 102, 103, 104, 107, 108, 110, 112, 116, 118, 119, 121, 122, 125, 127, 128, 131, 132, 133, 136, 137, 139, 141, 145, 147, 149, 151, 152, 153, 155, 156, 157, 158, 159, 161, 165, 168, 173, 174, 175, 176, 177, 181, 182, 184, 185, 186, 188], "excluded_lines": []}, "IncrementalChecker": {"executed_lines": [], "summary": {"covered_lines": 0, "num_statements": 31, "percent_covered": 0.0, "percent_covered_display": "0", "missing_lines": 31, "excluded_lines": 0}, "missing_lines": [202, 203, 204, 208, 209, 210, 211, 212, 213, 214, 218, 219, 220, 221, 222, 223, 227, 229, 231, 234, 237, 238, 239, 240, 242, 246, 248, 252, 254, 255, 258], "excluded_lines": []}, "": {"executed_lines": [1, 5, 6, 7, 8, 9, 10, 13, 17, 20, 21, 22, 24, 25, 26, 27, 30, 31, 33, 47, 48, 52, 61, 77, 86, 99, 114, 143, 163, 179, 197, 198, 200, 206, 216, 225, 244, 250], "summary": {"covered_lines": 34, "num_statements": 34, "percent_covered": 100.0, "percent_covered_display": "100", "missing_lines": 0, "excluded_lines": 0}, "missing_lines": [], "excluded_lines": []}}}, "aiculture/cicd_guardian.py": {"executed_lines": [1, 6, 7, 8, 9, 10, 11, 13, 14, 17, 20, 21, 23, 24, 25, 26, 29, 30, 31, 33, 34, 35, 36, 37, 38, 41, 42, 44, 51, 59, 88, 137, 189, 222, 278, 318, 335, 373, 412, 423, 450, 465, 483, 542, 563, 586, 596, 602], "summary": {"covered_lines": 44, "num_statements": 247, "percent_covered": 17.813765182186234, "percent_covered_display": "18", "missing_lines": 203, "excluded_lines": 0}, "missing_lines": [46, 47, 48, 49, 53, 54, 55, 56, 57, 61, 63, 66, 69, 72, 75, 78, 81, 84, 86, 90, 93, 94, 95, 96, 99, 100, 112, 113, 125, 126, 139, 142, 143, 144, 145, 148, 149, 150, 151, 152, 153, 155, 156, 168, 169, 175, 176, 186, 187, 191, 194, 201, 202, 203, 204, 205, 206, 207, 208, 210, 211, 224, 227, 229, 230, 232, 233, 243, 244, 256, 257, 258, 259, 264, 265, 275, 276, 280, 283, 284, 285, 297, 298, 299, 300, 301, 304, 305, 306, 307, 320, 323, 324, 337, 340, 347, 349, 350, 351, 353, 354, 355, 357, 358, 359, 369, 370, 371, 375, 376, 377, 378, 381, 382, 383, 384, 385, 386, 388, 414, 415, 416, 417, 418, 419, 421, 425, 427, 428, 430, 431, 432, 433, 434, 436, 437, 438, 440, 452, 453, 454, 455, 456, 457, 458, 459, 460, 461, 463, 467, 468, 469, 471, 472, 475, 476, 478, 479, 481, 485, 536, 537, 538, 540, 544, 545, 546, 549, 550, 553, 554, 555, 556, 557, 558, 559, 561, 565, 566, 567, 569, 570, 571, 572, 574, 575, 576, 577, 578, 580, 581, 582, 584, 588, 589, 591, 592, 593, 598, 599, 604, 605, 606], "excluded_lines": [], "functions": {"CICDGuardian.__init__": {"executed_lines": [], "summary": {"covered_lines": 0, "num_statements": 4, "percent_covered": 0.0, "percent_covered_display": "0", "missing_lines": 4, "excluded_lines": 0}, "missing_lines": [46, 47, 48, 49], "excluded_lines": []}, "CICDGuardian._load_config": {"executed_lines": [], "summary": {"covered_lines": 0, "num_statements": 5, "percent_covered": 0.0, "percent_covered_display": "0", "missing_lines": 5, "excluded_lines": 0}, "missing_lines": [53, 54, 55, 56, 57], "excluded_lines": []}, "CICDGuardian.comprehensive_health_check": {"executed_lines": [], "summary": {"covered_lines": 0, "num_statements": 10, "percent_covered": 0.0, "percent_covered_display": "0", "missing_lines": 10, "excluded_lines": 0}, "missing_lines": [61, 63, 66, 69, 72, 75, 78, 81, 84, 86], "excluded_lines": []}, "CICDGuardian._check_environment": {"executed_lines": [], "summary": {"covered_lines": 0, "num_statements": 11, "percent_covered": 0.0, "percent_covered_display": "0", "missing_lines": 11, "excluded_lines": 0}, "missing_lines": [90, 93, 94, 95, 96, 99, 100, 112, 113, 125, 126], "excluded_lines": []}, "CICDGuardian._check_dependencies": {"executed_lines": [], "summary": {"covered_lines": 0, "num_statements": 19, "percent_covered": 0.0, "percent_covered_display": "0", "missing_lines": 19, "excluded_lines": 0}, "missing_lines": [139, 142, 143, 144, 145, 148, 149, 150, 151, 152, 153, 155, 156, 168, 169, 175, 176, 186, 187], "excluded_lines": []}, "CICDGuardian._check_network": {"executed_lines": [], "summary": {"covered_lines": 0, "num_statements": 12, "percent_covered": 0.0, "percent_covered_display": "0", "missing_lines": 12, "excluded_lines": 0}, "missing_lines": [191, 194, 201, 202, 203, 204, 205, 206, 207, 208, 210, 211], "excluded_lines": []}, "CICDGuardian._check_resources": {"executed_lines": [], "summary": {"covered_lines": 0, "num_statements": 16, "percent_covered": 0.0, "percent_covered_display": "0", "missing_lines": 16, "excluded_lines": 0}, "missing_lines": [224, 227, 229, 230, 232, 233, 243, 244, 256, 257, 258, 259, 264, 265, 275, 276], "excluded_lines": []}, "CICDGuardian._check_configuration": {"executed_lines": [], "summary": {"covered_lines": 0, "num_statements": 13, "percent_covered": 0.0, "percent_covered_display": "0", "missing_lines": 13, "excluded_lines": 0}, "missing_lines": [280, 283, 284, 285, 297, 298, 299, 300, 301, 304, 305, 306, 307], "excluded_lines": []}, "CICDGuardian._check_code_quality": {"executed_lines": [], "summary": {"covered_lines": 0, "num_statements": 3, "percent_covered": 0.0, "percent_covered_display": "0", "missing_lines": 3, "excluded_lines": 0}, "missing_lines": [320, 323, 324], "excluded_lines": []}, "CICDGuardian._check_security": {"executed_lines": [], "summary": {"covered_lines": 0, "num_statements": 15, "percent_covered": 0.0, "percent_covered_display": "0", "missing_lines": 15, "excluded_lines": 0}, "missing_lines": [337, 340, 347, 349, 350, 351, 353, 354, 355, 357, 358, 359, 369, 370, 371], "excluded_lines": []}, "CICDGuardian._generate_report": {"executed_lines": [], "summary": {"covered_lines": 0, "num_statements": 11, "percent_covered": 0.0, "percent_covered_display": "0", "missing_lines": 11, "excluded_lines": 0}, "missing_lines": [375, 376, 377, 378, 381, 382, 383, 384, 385, 386, 388], "excluded_lines": []}, "CICDGuardian._get_recommendation": {"executed_lines": [], "summary": {"covered_lines": 0, "num_statements": 7, "percent_covered": 0.0, "percent_covered_display": "0", "missing_lines": 7, "excluded_lines": 0}, "missing_lines": [414, 415, 416, 417, 418, 419, 421], "excluded_lines": []}, "CICDGuardian.auto_fix_issues": {"executed_lines": [], "summary": {"covered_lines": 0, "num_statements": 12, "percent_covered": 0.0, "percent_covered_display": "0", "missing_lines": 12, "excluded_lines": 0}, "missing_lines": [425, 427, 428, 430, 431, 432, 433, 434, 436, 437, 438, 440], "excluded_lines": []}, "CICDGuardian._fix_issue": {"executed_lines": [], "summary": {"covered_lines": 0, "num_statements": 11, "percent_covered": 0.0, "percent_covered_display": "0", "missing_lines": 11, "excluded_lines": 0}, "missing_lines": [452, 453, 454, 455, 456, 457, 458, 459, 460, 461, 463], "excluded_lines": []}, "CICDGuardian._fix_dockerfile_base_image": {"executed_lines": [], "summary": {"covered_lines": 0, "num_statements": 10, "percent_covered": 0.0, "percent_covered_display": "0", "missing_lines": 10, "excluded_lines": 0}, "missing_lines": [467, 468, 469, 471, 472, 475, 476, 478, 479, 481], "excluded_lines": []}, "CICDGuardian._create_dockerignore": {"executed_lines": [], "summary": {"covered_lines": 0, "num_statements": 5, "percent_covered": 0.0, "percent_covered_display": "0", "missing_lines": 5, "excluded_lines": 0}, "missing_lines": [485, 536, 537, 538, 540], "excluded_lines": []}, "CICDGuardian._fix_requirements_versions": {"executed_lines": [], "summary": {"covered_lines": 0, "num_statements": 13, "percent_covered": 0.0, "percent_covered_display": "0", "missing_lines": 13, "excluded_lines": 0}, "missing_lines": [544, 545, 546, 549, 550, 553, 554, 555, 556, 557, 558, 559, 561], "excluded_lines": []}, "CICDGuardian._add_workflow_timeouts": {"executed_lines": [], "summary": {"covered_lines": 0, "num_statements": 16, "percent_covered": 0.0, "percent_covered_display": "0", "missing_lines": 16, "excluded_lines": 0}, "missing_lines": [565, 566, 567, 569, 570, 571, 572, 574, 575, 576, 577, 578, 580, 581, 582, 584], "excluded_lines": []}, "CICDGuardian._setup_ai_culture": {"executed_lines": [], "summary": {"covered_lines": 0, "num_statements": 5, "percent_covered": 0.0, "percent_covered_display": "0", "missing_lines": 5, "excluded_lines": 0}, "missing_lines": [588, 589, 591, 592, 593], "excluded_lines": []}, "run_cicd_health_check": {"executed_lines": [], "summary": {"covered_lines": 0, "num_statements": 2, "percent_covered": 0.0, "percent_covered_display": "0", "missing_lines": 2, "excluded_lines": 0}, "missing_lines": [598, 599], "excluded_lines": []}, "auto_fix_cicd_issues": {"executed_lines": [], "summary": {"covered_lines": 0, "num_statements": 3, "percent_covered": 0.0, "percent_covered_display": "0", "missing_lines": 3, "excluded_lines": 0}, "missing_lines": [604, 605, 606], "excluded_lines": []}, "": {"executed_lines": [1, 6, 7, 8, 9, 10, 11, 13, 14, 17, 20, 21, 23, 24, 25, 26, 29, 30, 31, 33, 34, 35, 36, 37, 38, 41, 42, 44, 51, 59, 88, 137, 189, 222, 278, 318, 335, 373, 412, 423, 450, 465, 483, 542, 563, 586, 596, 602], "summary": {"covered_lines": 44, "num_statements": 44, "percent_covered": 100.0, "percent_covered_display": "100", "missing_lines": 0, "excluded_lines": 0}, "missing_lines": [], "excluded_lines": []}}, "classes": {"RiskLevel": {"executed_lines": [], "summary": {"covered_lines": 0, "num_statements": 0, "percent_covered": 100.0, "percent_covered_display": "100", "missing_lines": 0, "excluded_lines": 0}, "missing_lines": [], "excluded_lines": []}, "BuildRisk": {"executed_lines": [], "summary": {"covered_lines": 0, "num_statements": 0, "percent_covered": 100.0, "percent_covered_display": "100", "missing_lines": 0, "excluded_lines": 0}, "missing_lines": [], "excluded_lines": []}, "CICDGuardian": {"executed_lines": [], "summary": {"covered_lines": 0, "num_statements": 198, "percent_covered": 0.0, "percent_covered_display": "0", "missing_lines": 198, "excluded_lines": 0}, "missing_lines": [46, 47, 48, 49, 53, 54, 55, 56, 57, 61, 63, 66, 69, 72, 75, 78, 81, 84, 86, 90, 93, 94, 95, 96, 99, 100, 112, 113, 125, 126, 139, 142, 143, 144, 145, 148, 149, 150, 151, 152, 153, 155, 156, 168, 169, 175, 176, 186, 187, 191, 194, 201, 202, 203, 204, 205, 206, 207, 208, 210, 211, 224, 227, 229, 230, 232, 233, 243, 244, 256, 257, 258, 259, 264, 265, 275, 276, 280, 283, 284, 285, 297, 298, 299, 300, 301, 304, 305, 306, 307, 320, 323, 324, 337, 340, 347, 349, 350, 351, 353, 354, 355, 357, 358, 359, 369, 370, 371, 375, 376, 377, 378, 381, 382, 383, 384, 385, 386, 388, 414, 415, 416, 417, 418, 419, 421, 425, 427, 428, 430, 431, 432, 433, 434, 436, 437, 438, 440, 452, 453, 454, 455, 456, 457, 458, 459, 460, 461, 463, 467, 468, 469, 471, 472, 475, 476, 478, 479, 481, 485, 536, 537, 538, 540, 544, 545, 546, 549, 550, 553, 554, 555, 556, 557, 558, 559, 561, 565, 566, 567, 569, 570, 571, 572, 574, 575, 576, 577, 578, 580, 581, 582, 584, 588, 589, 591, 592, 593], "excluded_lines": []}, "": {"executed_lines": [1, 6, 7, 8, 9, 10, 11, 13, 14, 17, 20, 21, 23, 24, 25, 26, 29, 30, 31, 33, 34, 35, 36, 37, 38, 41, 42, 44, 51, 59, 88, 137, 189, 222, 278, 318, 335, 373, 412, 423, 450, 465, 483, 542, 563, 586, 596, 602], "summary": {"covered_lines": 44, "num_statements": 49, "percent_covered": 89.79591836734694, "percent_covered_display": "90", "missing_lines": 5, "excluded_lines": 0}, "missing_lines": [598, 599, 604, 605, 606], "excluded_lines": []}}}, "aiculture/cli.py": {"executed_lines": [1, 9, 11, 19, 20, 21, 35, 36, 37, 38, 42, 43, 44, 45, 46, 55, 56, 57, 66, 67, 68, 77], "summary": {"covered_lines": 20, "num_statements": 30, "percent_covered": 66.66666666666667, "percent_covered_display": "67", "missing_lines": 10, "excluded_lines": 2}, "missing_lines": [31, 48, 51, 52, 59, 62, 63, 70, 73, 74], "excluded_lines": [77, 78], "functions": {"main": {"executed_lines": [], "summary": {"covered_lines": 0, "num_statements": 1, "percent_covered": 0.0, "percent_covered_display": "0", "missing_lines
[...]
4, 25, 26, 28, 29, 30, 31, 32, 33, 34, 37, 38, 39, 41, 42, 43, 44, 45, 46, 47, 48, 51, 52, 54, 56, 57, 59, 61, 62, 69, 71, 72, 74, 75, 76, 77, 79, 80, 81, 83, 97, 98, 99, 102, 103, 105, 107, 108, 109, 110, 111, 112, 114, 116, 117, 118, 119, 120, 121, 125, 127, 128, 129, 141, 143, 147, 150, 151, 153, 154, 155, 156, 157, 158, 160, 161, 163, 170, 171, 173, 174, 176, 178, 181, 183, 184, 185, 188, 191, 195, 196, 205, 206, 208, 210, 212, 213, 214, 215, 216, 220, 234, 236, 237, 239, 241, 244, 245, 247, 249, 261, 262, 264, 266, 267, 268, 270, 272, 275, 276, 279, 280, 282, 284, 285, 286, 287, 289, 291, 292, 293, 294, 296, 305, 308, 311, 317, 319, 320, 356, 358, 359, 361, 362, 363, 364, 365, 368, 369, 372, 390], "summary": {"covered_lines": 154, "num_statements": 185, "percent_covered": 83.24324324324324, "percent_covered_display": "83", "missing_lines": 31, "excluded_lines": 12}, "missing_lines": [122, 123, 179, 217, 218, 242, 273, 309, 313, 314, 315, 326, 328, 329, 332, 333, 336, 337, 339, 340, 341, 343, 344, 345, 347, 375, 378, 381, 383, 384, 386], "excluded_lines": [390, 392, 394, 395, 396, 397, 398, 401, 404, 405, 408, 409], "functions": {"PerformanceProfiler.__init__": {"executed_lines": [56, 57], "summary": {"covered_lines": 2, "num_statements": 2, "percent_covered": 100.0, "percent_covered_display": "100", "missing_lines": 0, "excluded_lines": 0}, "missing_lines": [], "excluded_lines": []}, "PerformanceProfiler.start_profiling": {"executed_lines": [61, 62], "summary": {"covered_lines": 2, "num_statements": 2, "percent_covered": 100.0, "percent_covered_display": "100", "missing_lines": 0, "excluded_lines": 0}, "missing_lines": [], "excluded_lines": []}, "PerformanceProfiler.stop_profiling": {"executed_lines": [71, 72, 74, 75, 76, 77, 79, 80, 81, 83, 97, 98, 99], "summary": {"covered_lines": 13, "num_statements": 13, "percent_covered": 100.0, "percent_covered_display": "100", "missing_lines": 0, "excluded_lines": 0}, "missing_lines": [], "excluded_lines": []}, "PerformanceBenchmarkManager.__init__": {"executed_lines": [107, 108, 109, 110, 111, 112], "summary": {"covered_lines": 6, "num_statements": 6, "percent_covered": 100.0, "percent_covered_display": "100", "missing_lines": 0, "excluded_lines": 0}, "missing_lines": [], "excluded_lines": []}, "PerformanceBenchmarkManager._load_benchmarks": {"executed_lines": [116, 117, 118, 119, 120, 121], "summary": {"covered_lines": 6, "num_statements": 8, "percent_covered": 75.0, "percent_covered_display": "75", "missing_lines": 2, "excluded_lines": 0}, "missing_lines": [122, 123], "excluded_lines": []}, "PerformanceBenchmarkManager._save_benchmarks": {"executed_lines": [127, 128, 129, 141], "summary": {"covered_lines": 4, "num_statements": 4, "percent_covered": 100.0, "percent_covered_display": "100", "missing_lines": 0, "excluded_lines": 0}, "missing_lines": [], "excluded_lines": []}, "PerformanceBenchmarkManager.create_benchmark": {"executed_lines": [147, 150, 151, 153, 154, 155, 156, 157, 158, 160, 161, 163, 170, 171, 173, 174], "summary": {"covered_lines": 16, "num_statements": 16, "percent_covered": 100.0, "percent_covered_display": "100", "missing_lines": 0, "excluded_lines": 0}, "missing_lines": [], "excluded_lines": []}, "PerformanceBenchmarkManager.run_benchmark": {"executed_lines": [178, 181, 183, 184, 185, 188, 191, 195, 196, 205, 206], "summary": {"covered_lines": 11, "num_statements": 12, "percent_covered": 91.66666666666667, "percent_covered_display": "92", "missing_lines": 1, "excluded_lines": 0}, "missing_lines": [179], "excluded_lines": []}, "PerformanceBenchmarkManager._save_result": {"executed_lines": [210, 212, 213, 214, 215, 216, 220, 234, 236, 237], "summary": {"covered_lines": 10, "num_statements": 12, "percent_covered": 83.33333333333333, "percent_covered_display": "83", "missing_lines": 2, "excluded_lines": 0}, "missing_lines": [217, 218], "excluded_lines": []}, "PerformanceBenchmarkManager.get_performance_report": {"executed_lines": [241, 244, 245, 247, 249], "summary": {"covered_lines": 5, "num_statements": 6, "percent_covered": 83.33333333333333, "percent_covered_display": "83", "missing_lines": 1, "excluded_lines": 0}, "missing_lines": [242], "excluded_lines": []}, "MemoryLeakDetector.__init__": {"executed_lines": [266, 267, 268], "summary": {"covered_lines": 3, "num_statements": 3, "percent_covered": 100.0, "percent_covered_display": "100", "missing_lines": 0, "excluded_lines": 0}, "missing_lines": [], "excluded_lines": []}, "MemoryLeakDetector.start_monitoring": {"executed_lines": [272, 275, 276, 279, 280], "summary": {"covered_lines": 5, "num_statements": 6, "percent_covered": 83.33333333333333, "percent_covered_display": "83", "missing_lines": 1, "excluded_lines": 0}, "missing_lines": [273], "excluded_lines": []}, "MemoryLeakDetector.stop_monitoring": {"executed_lines": [284, 285, 286, 287], "summary": {"covered_lines": 4, "num_statements": 4, "percent_covered": 100.0, "percent_covered_display": "100", "missing_lines": 0, "excluded_lines": 0}, "missing_lines": [], "excluded_lines": []}, "MemoryLeakDetector._monitor_memory": {"executed_lines": [291, 292, 293, 294, 296, 305, 308, 311], "summary": {"covered_lines": 8, "num_statements": 12, "percent_covered": 66.66666666666667, "percent_covered_display": "67", "missing_lines": 4, "excluded_lines": 0}, "missing_lines": [309, 313, 314, 315], "excluded_lines": []}, "MemoryLeakDetector.detect_leaks": {"executed_lines": [319, 320], "summary": {"covered_lines": 2, "num_statements": 16, "percent_covered": 12.5, "percent_covered_display": "12", "missing_lines": 14, "excluded_lines": 0}, "missing_lines": [326, 328, 329, 332, 333, 336, 337, 339, 340, 341, 343, 344, 345, 347], "excluded_lines": []}, "MemoryLeakDetector._calculate_trend": {"executed_lines": [358, 359, 361, 362, 363, 364, 365, 368, 369], "summary": {"covered_lines": 9, "num_statements": 9, "percent_covered": 100.0, "percent_covered_display": "100", "missing_lines": 0, "excluded_lines": 0}, "missing_lines": [], "excluded_lines": []}, "performance_benchmark": {"executed_lines": [], "summary": {"covered_lines": 0, "num_statements": 2, "percent_covered": 0.0, "percent_covered_display": "0", "missing_lines": 2, "excluded_lines": 0}, "missing_lines": [375, 386], "excluded_lines": []}, "performance_benchmark.decorator": {"executed_lines": [], "summary": {"covered_lines": 0, "num_statements": 3, "percent_covered": 0.0, "percent_covered_display": "0", "missing_lines": 3, "excluded_lines": 0}, "missing_lines": [378, 383, 384], "excluded_lines": []}, "performance_benchmark.decorator.wrapper": {"executed_lines": [], "summary": {"covered_lines": 0, "num_statements": 1, "percent_covered": 0.0, "percent_covered_display": "0", "missing_lines": 1, "excluded_lines": 0}, "missing_lines": [381], "excluded_lines": []}, "test_function": {"executed_lines": [], "summary": {"covered_lines": 0, "num_statements": 0, "percent_covered": 100.0, "percent_covered_display": "100", "missing_lines": 0, "excluded_lines": 3}, "missing_lines": [], "excluded_lines": [396, 397, 398]}, "": {"executed_lines": [1, 12, 13, 14, 15, 16, 17, 18, 19, 21, 24, 25, 26, 28, 29, 30, 31, 32, 33, 34, 37, 38, 39, 41, 42, 43, 44, 45, 46, 47, 48, 51, 52, 54, 59, 69, 102, 103, 105, 114, 125, 143, 176, 208, 239, 261, 262, 264, 270, 282, 289, 317, 356, 372, 390], "summary": {"covered_lines": 48, "num_statements": 48, "percent_covered": 100.0, "percent_covered_display": "100", "missing_lines": 0, "excluded_lines": 9}, "missing_lines": [], "excluded_lines": [390, 392, 394, 395, 401, 404, 405, 408, 409]}}, "classes": {"PerformanceBenchmark": {"executed_lines": [], "summary": {"covered_lines": 0, "num_statements": 0, "percent_covered": 100.0, "percent_covered_display": "100", "missing_lines": 0, "excluded_lines": 0}, "missing_lines": [], "excluded_lines": []}, "PerformanceResult": {"executed_lines": [], "summary": {"covered_lines": 0, "num_statements": 0, "percent_covered": 100.0, "percent_covered_display": "100", "missing_lines": 0, "excluded_lines": 0}, "missing_lines": [], "excluded_lines": []}, "PerformanceProfiler": {"executed_lines": [56, 57, 61, 62, 71, 72, 74, 75, 76, 77, 79, 80, 81, 83, 97, 98, 99], "summary": {"covered_lines": 17, "num_statements": 17, "percent_covered": 100.0, "percent_covered_display": "100", "missing_lines": 0, "excluded_lines": 0}, "missing_lines": [], "excluded_lines": []}, "PerformanceBenchmarkManager": {"executed_lines": [107, 108, 109, 110, 111, 112, 116, 117, 118, 119, 120, 121, 127, 128, 129, 141, 147, 150, 151, 153, 154, 155, 156, 157, 158, 160, 161, 163, 170, 171, 173, 174, 178, 181, 183, 184, 185, 188, 191, 195, 196, 205, 206, 210, 212, 213, 214, 215, 216, 220, 234, 236, 237, 241, 244, 245, 247, 249], "summary": {"covered_lines": 58, "num_statements": 64, "percent_covered": 90.625, "percent_covered_display": "91", "missing_lines": 6, "excluded_lines": 0}, "missing_lines": [122, 123, 179, 217, 218, 242], "excluded_lines": []}, "MemoryLeakDetector": {"executed_lines": [266, 267, 268, 272, 275, 276, 279, 280, 284, 285, 286, 287, 291, 292, 293, 294, 296, 305, 308, 311, 319, 320, 358, 359, 361, 362, 363, 364, 365, 368, 369], "summary": {"covered_lines": 31, "num_statements": 50, "percent_covered": 62.0, "percent_covered_display": "62", "missing_lines": 19, "excluded_lines": 0}, "missing_lines": [273, 309, 313, 314, 315, 326, 328, 329, 332, 333, 336, 337, 339, 340, 341, 343, 344, 345, 347], "excluded_lines": []}, "": {"executed_lines": [1, 12, 13, 14, 15, 16, 17, 18, 19, 21, 24, 25, 26, 28, 29, 30, 31, 32, 33, 34, 37, 38, 39, 41, 42, 43, 44, 45, 46, 47, 48, 51, 52, 54, 59, 69, 102, 103, 105, 114, 125, 143, 176, 208, 239, 261, 262, 264, 270, 282, 289, 317, 356, 372, 390], "summary": {"covered_lines": 48, "num_statements": 54, "percent_covered": 88.88888888888889, "percent_covered_display": "89", "missing_lines": 6, "excluded_lines": 12}, "missing_lines": [375, 378, 381, 383, 384, 386], "excluded_lines": [390, 392, 394, 395, 396, 397, 398, 401, 404, 405, 408, 409]}}}, "aiculture/response_time_monitor.py": {"executed_lines": [1, 12, 13, 14, 15, 16, 17, 18, 19, 20, 21, 23, 26, 29, 30, 31, 33, 34, 35, 36, 37, 38, 41, 42, 43, 45, 46, 47, 48, 49, 52, 53, 55, 71, 85, 98, 116, 128, 145, 151, 170, 187, 204, 205, 231, 265, 275, 307, 313, 358, 366, 396], "summary": {"covered_lines": 47, "num_statements": 193, "percent_covered": 24.352331606217618, "percent_covered_display": "24", "missing_lines": 146, "excluded_lines": 14}, "missing_lines": [57, 58, 59, 61, 62, 63, 64, 65, 67, 68, 69, 73, 74, 75, 76, 77, 78, 79, 80, 83, 87, 94, 95, 96, 100, 101, 102, 114, 118, 119, 120, 121, 122, 125, 126, 130, 131, 132, 143, 147, 148, 149, 153, 154, 155, 156, 159, 162, 163, 165, 166, 167, 168, 173, 174, 175, 177, 178, 180, 181, 182, 183, 184, 185, 191, 199, 207, 208, 210, 211, 212, 213, 214, 215, 217, 218, 220, 229, 233, 235, 236, 237, 238, 239, 240, 241, 242, 243, 245, 246, 248, 261, 263, 267, 273, 277, 280, 286, 287, 289, 291, 309, 310, 311, 315, 317, 323, 324, 327, 328, 329, 330, 331, 332, 335, 338, 339, 341, 342, 343, 344, 346, 347, 348, 349, 351, 360, 361, 362, 363, 369, 372, 376, 377, 378, 379, 380, 381, 382, 383, 385, 386, 387, 389, 390, 392], "excluded_lines": [396, 397, 400, 401, 402, 403, 404, 407, 408, 411, 412, 415, 416, 418], "functions": {"ResponseTimeMonitor.__init__": {"executed_lines": [], "summary": {"covered_lines": 0, "num_statements": 11, "percent_covered": 0.0, "percent_covered_display": "0", "missing_lines": 11, "excluded_lines": 0}, "missing_lines": [57, 58, 59, 61, 62, 63, 64, 65, 67, 68, 69], "excluded_lines": []}, "ResponseTimeMonitor._load_config": {"executed_lines": [], "summary": {"covered_lines": 0, "num_statements": 9, "percent_covered": 0.0, "percent_covered_display": "0", "missing_lines": 9, "excluded_lines": 0}, "missing_lines": [73, 74, 75, 76, 77, 78, 79, 80, 83], "excluded_lines": []}, "ResponseTimeMonitor._set_default_thresholds": {"executed_lines": [], "summary": {"covered_lines": 0, "num_statements": 4, "percent_covered": 0.0, "percent_covered_display": "0", "missing_lines": 4, "excluded_lines": 0}, "missing_lines": [87, 94, 95, 96], "excluded_lines": []}, "ResponseTimeMonitor._save_config": {"executed_lines": [], "summary": {"covered_lines": 0, "num_statements": 4, "percent_covered": 0.0, "percent_covered_display": "0", "missing_lines": 4, "excluded_lines": 0}, "missing_lines": [100, 101, 102, 114], "excluded_lines": []}, "ResponseTimeMonitor._load_records": {"executed_lines": [], "summary": {"covered_lines": 0, "num_statements": 7, "percent_covered": 0.0, "percent_covered_display": "0", "missing_lines": 7, "excluded_lines": 0}, "missing_lines": [118, 119, 120, 121, 122, 125, 126], "excluded_lines": []}, "ResponseTimeMonitor._save_records": {"executed_lines": [], "summary": {"covered_lines": 0, "num_statements": 4, "percent_covered": 0.0, "percent_covered_display": "0", "missing_lines": 4, "excluded_lines": 0}, "missing_lines": [130, 131, 132, 143], "excluded_lines": []}, "ResponseTimeMonitor._start_background_processor": {"executed_lines": [], "summary": {"covered_lines": 0, "num_statements": 3, "percent_covered": 0.0, "percent_covered_display": "0", "missing_lines": 3, "excluded_lines": 0}, "missing_lines": [147, 148, 149], "excluded_lines": []}, "ResponseTimeMonitor._process_records": {"executed_lines": [], "summary": {"covered_lines": 0, "num_statements": 11, "percent_covered": 0.0, "percent_covered_display": "0", "missing_lines": 11, "excluded_lines": 0}, "missing_lines": [153, 154, 155, 156, 159, 162, 163, 165, 166, 167, 168], "excluded_lines": []}, "ResponseTimeMonitor._check_thresholds": {"executed_lines": [], "summary": {"covered_lines": 0, "num_statements": 11, "percent_covered": 0.0, "percent_covered_display": "0", "missing_lines": 11, "excluded_lines": 0}, "missing_lines": [173, 174, 175, 177, 178, 180, 181, 182, 183, 184, 185], "excluded_lines": []}, "ResponseTimeMonitor._send_alert": {"executed_lines": [], "summary": {"covered_lines": 0, "num_statements": 2, "percent_covered": 0.0, "percent_covered_display": "0", "missing_lines": 2, "excluded_lines": 0}, "missing_lines": [191, 199], "excluded_lines": []}, "ResponseTimeMonitor.monitor_execution": {"executed_lines": [], "summary": {"covered_lines": 0, "num_statements": 12, "percent_covered": 0.0, "percent_covered_display": "0", "missing_lines": 12, "excluded_lines": 0}, "missing_lines": [207, 208, 210, 211, 212, 213, 214, 215, 217, 218, 220, 229], "excluded_lines": []}, "ResponseTimeMonitor.monitor_api_call": {"executed_lines": [], "summary": {"covered_lines": 0, "num_statements": 15, "percent_covered": 0.0, "percent_covered_display": "0", "missing_lines": 15, "excluded_lines": 0}, "missing_lines": [233, 235, 236, 237, 238, 239, 240, 241, 242, 243, 245, 246, 248, 261, 263], "excluded_lines": []}, "ResponseTimeMonitor.set_threshold": {"executed_lines": [], "summary": {"covered_lines": 0, "num_statements": 2, "percent_covered": 0.0, "percent_covered_display": "0", "missing_lines": 2, "excluded_lines": 0}, "missing_lines": [267, 273], "excluded_lines": []}, "ResponseTimeMonitor.get_statistics": {"executed_lines": [], "summary": {"covered_lines": 0, "num_statements": 6, "percent_covered": 0.0, "percent_covered_display": "0", "missing_lines": 6, "excluded_lines": 0}, "missing_lines": [277, 280, 286, 287, 289, 291], "excluded_lines": []}, "ResponseTimeMonitor._percentile": {"executed_lines": [], "summary": {"covered_lines": 0, "num_statements": 3, "percent_covered": 0.0, "percent_covered_display": "0", "missing_lines": 3, "excluded_lines": 0}, "missing_lines": [309, 310, 311], "excluded_lines": []}, "ResponseTimeMonitor.get_trend_analysis": {"executed_lines": [], "summary": {"covered_lines": 0, "num_statements": 22, "percent_covered": 0.0, "percent_covered_display": "0", "missing_lines": 22, "excluded_lines": 0}, "missing_lines": [315, 317, 323, 324, 327, 328, 329, 330, 331, 332, 335, 338, 339, 341, 342, 343, 344, 346, 347, 348, 349, 351], "excluded_lines": []}, "ResponseTimeMonitor.stop_monitoring": {"executed_lines": [], "summary": {"covered_lines": 0, "num_statements": 4, "percent_covered": 0.0, "percent_covered_display": "0", "missing_lines": 4, "excluded_lines": 0}, "missing_lines": [360, 361, 362, 363], "excluded_lines": []}, "response_time_monitor": {"executed_lines": [], "summary": {"covered_lines": 0, "num_statements": 2, "percent_covered": 0.0, "percent_covered_display": "0", "missing_lines": 2, "excluded_lines": 0}, "missing_lines": [369, 392], "excluded_lines": []}, "response_time_monitor.decorator": {"executed_lines": [], "summary": {"covered_lines": 0, "num_statements": 3, "percent_covered": 0.0, "percent_covered_display": "0", "missing_lines": 3, "excluded_lines": 0}, "missing_lines": [372, 389, 390], "excluded_lines": []}, "response_time_monitor.decorator.wrapper": {"executed_lines": [], "summary": {"covered_lines": 0, "num_statements": 11, "percent_covered": 0.0, "percent_covered_display": "0", "missing_lines": 11, "excluded_lines": 0}, "missing_lines": [376, 377, 378, 379, 380, 381, 382, 383, 385, 386, 387], "excluded_lines": []}, "test_function": {"executed_lines": [], "summary": {"covered_lines": 0, "num_statements": 0, "percent_covered": 100.0, "percent_covered_display": "100", "missing_lines": 0, "excluded_lines": 3}, "missing_lines": [], "excluded_lines": [402, 403, 404]}, "": {"executed_lines": [1, 12, 13, 14, 15, 16, 17, 18, 19, 20, 21, 23, 26, 29, 30, 31, 33, 34, 35, 36, 37, 38, 41, 42, 43, 45, 46, 47, 48, 49, 52, 53, 55, 71, 85, 98, 116, 128, 145, 151, 170, 187, 204, 205, 231, 265, 275, 307, 313, 358, 366, 396], "summary": {"covered_lines": 47, "num_statements": 47, "percent_covered": 100.0, "percent_covered_display": "100", "missing_lines": 0, "excluded_lines": 11}, "missing_lines": [], "excluded_lines": [396, 397, 400, 401, 407, 408, 411, 412, 415, 416, 418]}}, "classes": {"ResponseTimeRecord": {"executed_lines": [], "summary": {"covered_lines": 0, "num_statements": 0, "percent_covered": 100.0, "percent_covered_display": "100", "missing_lines": 0, "excluded_lines": 0}, "missing_lines": [], "excluded_lines": []}, "ResponseTimeThreshold": {"executed_lines": [], "summary": {"covered_lines": 0, "num_statements": 0, "percent_covered": 100.0, "percent_covered_display": "100", "missing_lines": 0, "excluded_lines": 0}, "missing_lines": [], "excluded_lines": []}, "ResponseTimeMonitor": {"executed_lines": [], "summary": {"covered_lines": 0, "num_statements": 130, "percent_covered": 0.0, "percent_covered_display": "0", "missing_lines": 130, "excluded_lines": 0}, "missing_lines": [57, 58, 59, 61, 62, 63, 64, 65, 67, 68, 69, 73, 74, 75, 76, 77, 78, 79, 80, 83, 87, 94, 95, 96, 100, 101, 102, 114, 118, 119, 120, 121, 122, 125, 126, 130, 131, 132, 143, 147, 148, 149, 153, 154, 155, 156, 159, 162, 163, 165, 166, 167, 168, 173, 174, 175, 177, 178, 180, 181, 182, 183, 184, 185, 191, 199, 207, 208, 210, 211, 212, 213, 214, 215, 217, 218, 220, 229, 233, 235, 236, 237, 238, 239, 240, 241, 242, 243, 245, 246, 248, 261, 263, 267, 273, 277, 280, 286, 287, 289, 291, 309, 310, 311, 315, 317, 323, 324, 327, 328, 329, 330, 331, 332, 335, 338, 339, 341, 342, 343, 344, 346, 347, 348, 349, 351, 360, 361, 362, 363], "excluded_lines": []}, "": {"executed_lines": [1, 12, 13, 14, 15, 16, 17, 18, 19, 20, 21, 23, 26, 29, 30, 31, 33, 34, 35, 36, 37, 38, 41, 42, 43, 45, 46, 47, 48, 49, 52, 53, 55, 71, 85, 98, 116, 128, 145, 151, 170, 187, 204, 205, 231, 265, 275, 307, 313, 358, 366, 396], "summary": {"covered_lines": 47, "num_statements": 63, "percent_covered": 74.60317460317461, "percent_covered_display": "75", "missing_lines": 16, "excluded_lines": 14}, "missing_lines": [369, 372, 376, 377, 378, 379, 380, 381, 382, 383, 385, 386, 387, 389, 390, 392], "excluded_lines": [396, 397, 400, 401, 402, 403, 404, 407, 408, 411, 412, 415, 416, 418]}}}}, "totals": {"covered_lines": 2317, "num_statements": 5903, "percent_covered": 39.25122818905641, "percent_covered_display": "39", "missing_lines": 3586, "excluded_lines": 113}}